2024-07-28T22:02:22.707Z [undefined] [32minfo[39m: POST /api/v1/auth/confirm-phone-login 200 931ms
2024-07-28T22:02:41.217Z [undefined] [32minfo[39m: POST /api/v1/auth/confirm-phone-login 200 585ms
2024-07-28T22:09:29.839Z [undefined] [32minfo[39m: POST /api/v1/auth/confirm-phone-login 200 34117ms
2024-07-28T22:19:00.261Z [undefined] [32minfo[39m: POST /api/v1/auth/phone-login 200 127ms
2024-07-28T22:19:39.301Z [undefined] [32minfo[39m: POST /api/v1/auth/confirm-phone-login 200 8819ms
2024-07-28T22:20:06.422Z [undefined] [32minfo[39m: POST /api/v1/auth/phone-login 400 118ms
2024-07-28T22:22:15.013Z [undefined] [32minfo[39m: POST /api/v1/auth/confirm-phone-login 200 928ms
2024-07-28T22:22:28.511Z [undefined] [32minfo[39m: POST /api/v1/auth/phone-login 400 115ms
2024-07-28T22:23:04.354Z [undefined] [32minfo[39m: POST /api/v1/auth/confirm-phone-login 200 903ms
2024-07-28T22:23:07.649Z [undefined] [32minfo[39m: POST /api/v1/auth/phone-login 400 114ms
2024-07-28T22:24:39.122Z [undefined] [32minfo[39m: POST /api/v1/auth/confirm-phone-login 200 1004ms
2024-07-28T22:25:04.096Z [undefined] [32minfo[39m: POST /api/v1/auth/phone-login 400 115ms
2024-07-28T22:26:24.780Z [undefined] [32minfo[39m: POST /api/v1/auth/confirm-phone-login 200 920ms
2024-07-28T22:26:26.613Z [undefined] [32minfo[39m: POST /api/v1/auth/phone-login 400 119ms
2024-07-28T22:26:34.144Z [undefined] [32minfo[39m: POST /api/v1/auth/confirm-phone-login 200 907ms
2024-07-28T22:27:11.683Z [undefined] [32minfo[39m: POST /api/v1/auth/confirm-phone-login 200 922ms
2024-07-28T22:27:16.546Z [undefined] [32minfo[39m: POST /api/v1/auth/phone-login 400 115ms
2024-07-28T22:28:04.283Z [undefined] [32minfo[39m: POST /api/v1/auth/confirm-phone-login 200 915ms
2024-07-28T22:28:07.572Z [undefined] [32minfo[39m: POST /api/v1/auth/phone-login 400 4ms
2024-07-28T22:28:07.687Z [undefined] [31merror[39m: Cannot set headers after they are sent to the client
2024-07-28T22:37:07.961Z [undefined] [32minfo[39m: POST /api/v1/auth/confirm-phone-login 200 956ms
2024-07-28T22:37:10.783Z [undefined] [32minfo[39m: POST /api/v1/auth/phone-login 400 5ms
2024-07-28T22:37:10.896Z [undefined] [31merror[39m: Cannot set headers after they are sent to the client
2024-07-28T22:39:10.698Z [undefined] [32minfo[39m: POST /api/v1/auth/phone-login 400 5ms
2024-07-28T22:39:10.924Z [undefined] [31merror[39m: Cannot set headers after they are sent to the client
2024-07-28T22:39:37.344Z [undefined] [32minfo[39m: POST /api/v1/auth/confirm-phone-login 200 955ms
2024-07-28T22:39:38.204Z [undefined] [32minfo[39m: POST /api/v1/auth/phone-login 400 2ms
2024-07-28T22:39:42.224Z [undefined] [32minfo[39m: POST /api/v1/auth/phone-login 400 112ms
2024-07-28T22:40:50.517Z [undefined] [32minfo[39m: POST /api/v1/auth/confirm-phone-login 200 984ms
2024-07-28T22:40:51.473Z [undefined] [32minfo[39m: POST /api/v1/auth/phone-login 400 2ms
2024-07-28T22:40:55.338Z [undefined] [32minfo[39m: POST /api/v1/auth/phone-login 400 120ms
2024-07-28T22:42:02.919Z [undefined] [32minfo[39m: POST /api/v1/auth/phone-login 400 122ms
2024-07-28T22:42:06.761Z [undefined] [32minfo[39m: POST /api/v1/auth/confirm-phone-login 200 920ms
2024-07-28T22:42:14.545Z [undefined] [32minfo[39m: POST /api/v1/auth/phone-login 400 1ms
2024-07-28T22:42:15.416Z [undefined] [32minfo[39m: POST /api/v1/auth/phone-login 400 1ms
2024-07-28T22:42:18.940Z [undefined] [32minfo[39m: POST /api/v1/auth/phone-login 400 119ms
2024-07-28T22:42:24.638Z [undefined] [32minfo[39m: POST /api/v1/auth/phone-login 200 124ms
2024-07-28T22:43:55.851Z [undefined] [32minfo[39m: POST /api/v1/auth/confirm-phone-login 400 2ms
2024-07-28T22:44:08.928Z [undefined] [32minfo[39m: POST /api/v1/auth/confirm-phone-login 400 3ms
2024-07-28T22:44:11.627Z [undefined] [32minfo[39m: POST /api/v1/auth/confirm-phone-login 400 1ms
2024-07-28T22:44:15.698Z [undefined] [32minfo[39m: POST /api/v1/auth/confirm-phone-login 200 937ms
2024-07-28T22:44:25.176Z [undefined] [32minfo[39m: POST /api/v1/auth/phone-login 200 120ms
2024-07-28T22:55:18.038Z [undefined] [32minfo[39m: POST /api/v1/auth/confirm-phone-login 200 964ms
2024-07-28T23:00:41.224Z [undefined] [32minfo[39m: POST /api/v1/auth/confirm-phone-login 200 907ms
2024-07-29T13:14:46.954Z [undefined] [32minfo[39m: POST /api/v1/auth/confirm-phone-login 200 980ms
2024-07-29T13:15:07.089Z [undefined] [32minfo[39m: POST /api/v1/auth/phone-login 200 135ms
2024-07-29T13:16:07.380Z [undefined] [32minfo[39m: POST /api/v1/auth/confirm-phone-login 200 980ms
2024-07-29T13:18:14.821Z [undefined] [32minfo[39m: POST /api/v1/auth/confirm-phone-login 200 926ms
2024-07-29T13:18:24.092Z [undefined] [32minfo[39m: POST /api/v1/auth/phone-login 200 127ms
2024-07-29T13:31:35.815Z [undefined] [32minfo[39m: POST /api/v1/auth/confirm-phone-login 200 937ms
2024-07-29T14:15:30.496Z [undefined] [32minfo[39m: POST /api/v1/auth/email-login 200 209ms
2024-07-29T14:55:44.722Z [undefined] [32minfo[39m: POST /api/v1/auth/email-exists 200 253ms
2024-07-29T14:56:30.910Z [undefined] [32minfo[39m: POST /api/v1/auth/email-exists 200 248ms
2024-07-29T14:57:21.829Z [undefined] [32minfo[39m: POST /api/v1/auth/email-exists 200 244ms
2024-07-29T20:37:36.094Z [undefined] [32minfo[39m: POST /api/v1/auth/email-exists 200 133ms
2024-07-29T20:37:44.787Z [undefined] [32minfo[39m: POST /api/v1/auth/email-exists 200 119ms
2024-07-29T20:40:35.059Z [undefined] [32minfo[39m: POST /api/v1/auth/email-exists 200 120ms
2024-07-29T20:43:58.198Z [undefined] [32minfo[39m: POST /api/v1/auth/email-exists 200 130ms
2024-07-29T20:44:01.300Z [undefined] [32minfo[39m: POST /api/v1/auth/email-exists 200 126ms
2024-07-29T20:44:44.927Z [undefined] [32minfo[39m: POST /api/v1/auth/email-exists 400 2ms
2024-07-29T20:45:38.374Z [undefined] [32minfo[39m: POST /api/v1/auth/email-exists 400 1ms
2024-07-29T20:50:03.559Z [undefined] [32minfo[39m: POST /api/v1/auth/email-exists 400 1ms
2024-07-29T20:50:16.350Z [undefined] [32minfo[39m: POST /api/v1/auth/email-exists 400 1ms
2024-07-29T20:50:18.530Z [undefined] [32minfo[39m: POST /api/v1/auth/email-exists 400 1ms
2024-07-29T20:50:22.550Z [undefined] [32minfo[39m: POST /api/v1/auth/email-exists 400 1ms
2024-07-29T20:50:36.001Z [undefined] [32minfo[39m: POST /api/v1/auth/email-exists 400 1ms
2024-07-29T20:50:48.493Z [undefined] [32minfo[39m: POST /api/v1/auth/email-exists 400 2ms
2024-07-29T20:52:01.737Z [undefined] [32minfo[39m: POST /api/v1/auth/email-exists 400 1ms
2024-07-29T20:52:06.156Z [undefined] [32minfo[39m: POST /api/v1/auth/email-exists 200 122ms
2024-07-29T20:52:09.998Z [undefined] [32minfo[39m: POST /api/v1/auth/email-exists 200 122ms
2024-07-29T20:53:08.042Z [undefined] [32minfo[39m: POST /api/v1/auth/email-exists 200 122ms
2024-07-29T20:53:47.429Z [undefined] [32minfo[39m: POST /api/v1/auth/confirm-phone-login 200 990ms
2024-07-29T21:08:42.418Z [undefined] [32minfo[39m: POST /api/v1/auth/confirm-phone-login 200 1015ms
2024-07-29T21:10:29.299Z [undefined] [32minfo[39m: POST /api/v1/auth/email-exists 200 128ms
2024-07-29T21:11:20.777Z [undefined] [32minfo[39m: POST /api/v1/auth/email-exists 200 126ms
2024-07-29T21:11:21.134Z [undefined] [32minfo[39m: POST /api/v1/auth/email-exists 200 118ms
2024-07-29T21:11:21.976Z [undefined] [32minfo[39m: POST /api/v1/auth/email-exists 200 120ms
2024-07-29T21:11:23.532Z [undefined] [32minfo[39m: POST /api/v1/auth/email-exists 200 122ms
2024-07-29T21:12:29.605Z [undefined] [32minfo[39m: POST /api/v1/auth/email-exists 200 119ms
2024-07-29T21:12:44.914Z [undefined] [32minfo[39m: POST /api/v1/auth/email-exists 200 123ms
2024-07-29T21:12:45.701Z [undefined] [32minfo[39m: POST /api/v1/auth/email-exists 200 118ms
2024-07-29T21:12:52.059Z [undefined] [32minfo[39m: POST /api/v1/auth/email-exists 200 116ms
2024-07-29T21:13:25.602Z [undefined] [32minfo[39m: POST /api/v1/auth/email-exists 200 126ms
2024-07-29T21:13:26.328Z [undefined] [32minfo[39m: POST /api/v1/auth/email-exists 200 121ms
2024-07-29T21:13:34.510Z [undefined] [32minfo[39m: POST /api/v1/auth/email-exists 200 116ms
2024-07-29T21:13:36.095Z [undefined] [32minfo[39m: POST /api/v1/auth/email-exists 200 116ms
2024-07-29T21:13:50.396Z [undefined] [32minfo[39m: POST /api/v1/auth/email-exists 200 114ms
2024-07-29T21:13:51.969Z [undefined] [32minfo[39m: POST /api/v1/auth/email-exists 200 118ms
2024-07-29T21:30:53.595Z [undefined] [32minfo[39m: POST /api/v1/auth/email-exists 200 127ms
2024-07-29T21:31:03.390Z [undefined] [32minfo[39m: POST /api/v1/auth/email-exists 200 118ms
2024-07-29T21:46:21.028Z [undefined] [32minfo[39m: POST /api/v1/auth/confirm-phone-login 200 941ms
2024-07-29T21:48:38.458Z [undefined] [32minfo[39m: POST /api/v1/auth/email-exists 200 120ms
2024-07-29T21:48:57.560Z [undefined] [32minfo[39m: POST /api/v1/auth/email-exists 200 118ms
2024-07-29T21:49:15.046Z [undefined] [32minfo[39m: POST /api/v1/auth/email-exists 200 121ms
2024-07-29T21:53:34.219Z [undefined] [32minfo[39m: POST /api/v1/auth/email-exists 200 118ms
2024-07-29T21:55:31.468Z [undefined] [32minfo[39m: POST /api/v1/auth/email-exists 200 121ms
2024-07-29T21:58:46.941Z [undefined] [32minfo[39m: POST /api/v1/auth/email-exists 200 122ms
2024-07-29T21:58:59.288Z [undefined] [32minfo[39m: POST /api/v1/auth/email-exists 200 118ms
2024-07-29T21:59:18.498Z [undefined] [32minfo[39m: POST /api/v1/auth/email-exists 200 116ms
2024-07-29T21:59:30.911Z [undefined] [32minfo[39m: POST /api/v1/auth/email-exists 200 120ms
2024-07-29T21:59:38.111Z [undefined] [32minfo[39m: POST /api/v1/auth/email-exists 200 117ms
2024-07-29T22:00:50.570Z [undefined] [32minfo[39m: POST /api/v1/auth/email-exists 200 120ms
2024-07-29T22:02:14.805Z [undefined] [32minfo[39m: POST /api/v1/auth/email-exists 200 118ms
2024-07-29T22:02:55.916Z [undefined] [32minfo[39m: POST /api/v1/auth/email-exists 200 131ms
2024-07-29T22:05:04.209Z [undefined] [32minfo[39m: POST /api/v1/auth/email-exists 200 116ms
2024-07-29T22:05:38.600Z [undefined] [32minfo[39m: POST /api/v1/auth/email-exists 200 117ms
2024-07-29T22:05:51.290Z [undefined] [32minfo[39m: POST /api/v1/auth/email-exists 200 119ms
2024-07-29T22:08:41.233Z [undefined] [32minfo[39m: POST /api/v1/auth/email-exists 200 135ms
2024-07-29T22:08:55.833Z [undefined] [32minfo[39m: POST /api/v1/auth/email-exists 200 117ms
2024-07-29T22:09:04.228Z [undefined] [32minfo[39m: POST /api/v1/auth/email-exists 200 119ms
2024-07-29T22:10:30.135Z [undefined] [32minfo[39m: POST /api/v1/auth/email-login 200 204ms
2024-07-29T22:13:39.640Z [undefined] [32minfo[39m: POST /api/v1/auth/email-exists 200 120ms
2024-07-29T22:16:18.483Z [undefined] [32minfo[39m: POST /api/v1/auth/email-login 400 1ms
2024-07-29T22:16:23.724Z [undefined] [32minfo[39m: POST /api/v1/auth/email-login 400 1ms
2024-07-29T22:16:57.408Z [undefined] [32minfo[39m: POST /api/v1/auth/email-login 200 203ms
2024-07-29T22:17:27.664Z [undefined] [32minfo[39m: POST /api/v1/auth/email-exists 200 117ms
2024-07-29T22:17:33.413Z [undefined] [32minfo[39m: POST /api/v1/auth/email-exists 200 120ms
2024-07-29T22:20:32.764Z [undefined] [32minfo[39m: POST /api/v1/auth/email-login 400 1ms
2024-07-29T22:20:41.705Z [undefined] [32minfo[39m: POST /api/v1/auth/email-exists 200 124ms
2024-07-29T22:21:33.656Z [undefined] [32minfo[39m: POST /api/v1/auth/email-login 400 1ms
2024-07-29T22:24:14.888Z [undefined] [32minfo[39m: POST /api/v1/auth/email-login 400 0ms
2024-07-29T22:24:26.318Z [undefined] [32minfo[39m: POST /api/v1/auth/email-exists 200 116ms
2024-07-29T22:24:50.030Z [undefined] [32minfo[39m: POST /api/v1/auth/email-register 400 3ms
2024-07-29T22:24:50.148Z [undefined] [31merror[39m: null is not an object (evaluating 'data.password')
2024-07-29T22:24:53.887Z [undefined] [32minfo[39m: POST /api/v1/auth/email-register 200 515ms
2024-07-29T22:24:55.820Z [undefined] [32minfo[39m: POST /api/v1/auth/email-register 400 121ms
2024-07-29T22:24:56.016Z [undefined] [31merror[39m: E11000 duplicate key error collection: defacto.auths index: email_1 dup key: { email: "kawts.com.ng@gmail.com" }
2024-07-29T22:25:06.444Z [undefined] [32minfo[39m: POST /api/v1/auth/email-exists 200 123ms
2024-07-29T22:25:07.558Z [undefined] [32minfo[39m: POST /api/v1/auth/email-register 400 0ms
2024-07-29T22:25:07.681Z [undefined] [31merror[39m: null is not an object (evaluating 'data.password')
2024-07-29T22:25:15.561Z [undefined] [32minfo[39m: POST /api/v1/auth/email-register 400 1ms
2024-07-29T22:25:15.684Z [undefined] [31merror[39m: null is not an object (evaluating 'data.password')
2024-07-29T22:25:21.392Z [undefined] [32minfo[39m: POST /api/v1/auth/email-register 200 436ms
2024-07-29T22:25:56.211Z [undefined] [32minfo[39m: POST /api/v1/auth/email-exists 200 122ms
2024-07-29T22:25:59.899Z [undefined] [32minfo[39m: POST /api/v1/auth/email-login 200 203ms
2024-07-29T22:27:25.740Z [undefined] [32minfo[39m: POST /api/v1/auth/email-exists 200 117ms
2024-07-29T22:27:29.763Z [undefined] [32minfo[39m: POST /api/v1/auth/email-login 400 1ms
2024-07-29T22:28:28.934Z [undefined] [32minfo[39m: POST /api/v1/auth/email-login 400 1ms
2024-07-29T22:30:43.556Z [undefined] [32minfo[39m: POST /api/v1/auth/email-exists 200 122ms
2024-07-29T22:34:03.400Z [undefined] [32minfo[39m: POST /api/v1/auth/email-login 200 189ms
2024-07-29T22:34:19.596Z [undefined] [32minfo[39m: POST /api/v1/auth/email-exists 200 119ms
2024-07-29T22:34:21.322Z [undefined] [32minfo[39m: POST /api/v1/auth/email-login 200 171ms
2024-07-29T22:36:45.792Z [undefined] [32minfo[39m: POST /api/v1/auth/email-exists 200 118ms
2024-07-29T22:36:47.876Z [undefined] [32minfo[39m: POST /api/v1/auth/email-login 200 191ms
2024-07-29T22:36:58.072Z [undefined] [32minfo[39m: POST /api/v1/auth/email-exists 200 117ms
2024-07-29T22:37:00.902Z [undefined] [32minfo[39m: POST /api/v1/auth/email-login 200 174ms
2024-07-29T22:37:15.305Z [undefined] [32minfo[39m: POST /api/v1/auth/email-exists 200 123ms
2024-07-29T22:37:16.740Z [undefined] [32minfo[39m: POST /api/v1/auth/email-login 200 178ms
2024-07-29T22:43:46.828Z [undefined] [32minfo[39m: POST /api/v1/auth/email-exists 200 130ms
2024-07-29T22:43:48.963Z [undefined] [32minfo[39m: POST /api/v1/auth/email-login 200 211ms
2024-07-29T23:03:07.224Z [undefined] [32minfo[39m: GET /api/v1/auth/ping?status=active 401 2ms
2024-07-31T18:35:14.714Z [undefined] [32minfo[39m: POST /api/v1/auth/email-exists 200 126ms
2024-07-31T18:35:23.557Z [undefined] [32minfo[39m: POST /api/v1/auth/email-login 200 177ms
2024-07-31T19:00:15.387Z [undefined] [32minfo[39m: POST /api/v1/auth/admin-login 400 2ms
2024-07-31T19:01:26.676Z [undefined] [32minfo[39m: POST /api/v1/auth/admin-login 400 2ms
2024-07-31T19:01:49.065Z [undefined] [32minfo[39m: POST /api/v1/auth/admin-login 400 1ms
2024-07-31T19:03:03.113Z [undefined] [32minfo[39m: POST /api/v1/auth/email-exists 200 127ms
2024-07-31T19:03:04.267Z [undefined] [32minfo[39m: POST /api/v1/auth/email-login 200 200ms
2024-07-31T19:03:22.610Z [undefined] [32minfo[39m: POST /api/v1/auth/admin-login 400 1ms
2024-07-31T19:03:34.136Z [undefined] [32minfo[39m: POST /api/v1/auth/email-exists 200 121ms
2024-07-31T19:05:53.403Z [undefined] [32minfo[39m: POST /api/v1/auth/email-exists 200 130ms
2024-07-31T19:05:54.707Z [undefined] [32minfo[39m: POST /api/v1/auth/email-login 200 201ms
2024-07-31T19:17:32.914Z [undefined] [32minfo[39m: POST /api/v1/auth/admin-login 400 2ms
2024-07-31T19:17:38.295Z [undefined] [32minfo[39m: POST /api/v1/auth/email-exists 200 125ms
2024-07-31T19:17:39.610Z [undefined] [32minfo[39m: POST /api/v1/auth/email-login 200 199ms
2024-07-31T19:18:03.090Z [undefined] [32minfo[39m: POST /api/v1/auth/admin-login 400 1ms
2024-07-31T19:18:12.087Z [undefined] [32minfo[39m: POST /api/v1/auth/email-exists 200 120ms
2024-07-31T19:18:13.079Z [undefined] [32minfo[39m: POST /api/v1/auth/email-login 200 201ms
2024-07-31T19:18:48.637Z [undefined] [32minfo[39m: POST /api/v1/auth/admin-login 400 2ms
2024-07-31T19:18:53.249Z [undefined] [32minfo[39m: POST /api/v1/auth/email-exists 200 123ms
2024-07-31T19:18:54.154Z [undefined] [32minfo[39m: POST /api/v1/auth/email-login 200 202ms
2024-07-31T19:27:58.439Z [undefined] [32minfo[39m: POST /api/v1/auth/admin-login 400 3ms
2024-07-31T19:28:50.413Z [undefined] [32minfo[39m: POST /api/v1/auth/email-exists 200 125ms
2024-07-31T19:28:51.529Z [undefined] [32minfo[39m: POST /api/v1/auth/email-login 200 171ms
2024-07-31T19:28:53.554Z [undefined] [32minfo[39m: POST /api/v1/auth/admin-login 400 1ms
2024-07-31T19:28:59.370Z [undefined] [32minfo[39m: POST /api/v1/auth/email-exists 200 125ms
2024-07-31T19:29:00.241Z [undefined] [32minfo[39m: POST /api/v1/auth/email-login 200 204ms
2024-07-31T19:30:36.494Z [undefined] [32minfo[39m: POST /api/v1/auth/admin-login 400 1ms
2024-07-31T19:31:51.006Z [undefined] [32minfo[39m: POST /api/v1/auth/email-exists 200 119ms
2024-07-31T19:31:52.311Z [undefined] [32minfo[39m: POST /api/v1/auth/email-login 200 184ms
2024-07-31T19:32:15.108Z [undefined] [32minfo[39m: POST /api/v1/auth/admin-login 400 2ms
2024-07-31T19:32:45.569Z [undefined] [32minfo[39m: POST /api/v1/auth/email-exists 200 121ms
2024-07-31T19:32:46.966Z [undefined] [32minfo[39m: POST /api/v1/auth/email-login 200 201ms
2024-07-31T19:40:03.600Z [undefined] [32minfo[39m: POST /api/v1/auth/admin-login 400 2ms
2024-07-31T19:40:41.979Z [undefined] [32minfo[39m: POST /api/v1/auth/email-exists 200 125ms
2024-07-31T19:40:43.344Z [undefined] [32minfo[39m: POST /api/v1/auth/email-login 200 199ms
2024-07-31T19:42:36.846Z [undefined] [32minfo[39m: POST /api/v1/auth/admin-login 400 6ms
2024-07-31T19:45:25.371Z [undefined] [32minfo[39m: POST /api/v1/auth/email-exists 200 122ms
2024-07-31T19:45:26.915Z [undefined] [32minfo[39m: POST /api/v1/auth/email-login 200 201ms
2024-08-01T07:51:00.337Z [undefined] [32minfo[39m: POST /api/v1/auth/admin-login 400 1ms
2024-08-01T08:04:11.903Z [undefined] [32minfo[39m: POST /api/v1/auth/confirm-phone-login 200 992ms
2024-08-01T08:04:17.881Z [undefined] [32minfo[39m: POST /api/v1/auth/email-exists 200 124ms
2024-08-01T08:04:21.106Z [undefined] [32minfo[39m: POST /api/v1/auth/email-login 200 189ms
2024-08-01T08:04:47.688Z [undefined] [32minfo[39m: POST /api/v1/auth/admin-login 400 3ms
2024-08-01T08:06:29.326Z [undefined] [32minfo[39m: POST /api/v1/auth/email-exists 200 122ms
2024-08-01T08:06:30.866Z [undefined] [32minfo[39m: POST /api/v1/auth/email-login 200 192ms
2024-08-01T08:18:30.861Z [undefined] [32minfo[39m: POST /api/v1/auth/email-exists 200 124ms
2024-08-01T08:18:32.054Z [undefined] [32minfo[39m: POST /api/v1/auth/email-login 200 196ms
2024-08-01T08:18:50.492Z [undefined] [32minfo[39m: POST /api/v1/auth/email-exists 200 123ms
2024-08-01T08:18:51.314Z [undefined] [32minfo[39m: POST /api/v1/auth/email-login 200 178ms
2024-08-01T08:19:42.987Z [undefined] [32minfo[39m: POST /api/v1/auth/admin-login 400 2ms
2024-08-01T08:19:49.970Z [undefined] [32minfo[39m: POST /api/v1/auth/email-exists 200 116ms
2024-08-01T08:19:50.853Z [undefined] [32minfo[39m: POST /api/v1/auth/email-login 200 195ms
2024-08-01T08:30:46.887Z [undefined] [32minfo[39m: POST /api/v1/auth/admin-login 400 2ms
2024-08-01T08:31:20.322Z [undefined] [32minfo[39m: POST /api/v1/auth/email-exists 200 172ms
2024-08-01T08:31:21.227Z [undefined] [32minfo[39m: POST /api/v1/auth/email-login 200 215ms
2024-08-01T08:54:11.346Z [undefined] [32minfo[39m: POST /api/v1/auth/admin-login 400 3ms
2024-08-01T17:08:38.622Z [undefined] [32minfo[39m: POST /api/v1/auth/email-exists 200 127ms
2024-08-01T17:08:40.992Z [undefined] [32minfo[39m: POST /api/v1/auth/email-login 200 210ms
2024-08-01T17:12:18.971Z [undefined] [32minfo[39m: POST /api/v1/auth/admin-login 400 3ms
2024-08-01T17:12:32.410Z [undefined] [32minfo[39m: POST /api/v1/auth/email-exists 200 125ms
2024-08-01T17:12:34.003Z [undefined] [32minfo[39m: POST /api/v1/auth/email-login 200 197ms
2024-08-02T11:37:54.970Z [undefined] [32minfo[39m: GET /api/v1/g/google-places 200 0ms
2024-08-02T11:38:25.266Z [undefined] [32minfo[39m: GET /api/v1/g/google-places 200 1ms
2024-08-02T11:44:58.192Z [undefined] [32minfo[39m: GET /api/v1/g/google-places 200 3ms
2024-08-02T11:44:59.154Z [undefined] [32minfo[39m: GET /api/v1/g/google-places 304 0ms
2024-08-02T11:44:59.538Z [undefined] [32minfo[39m: GET /api/v1/g/google-places 304 1ms
2024-08-02T11:45:06.140Z [undefined] [32minfo[39m: GET /api/v1/g/google-places 200 2ms
2024-08-02T11:45:06.880Z [undefined] [32minfo[39m: GET /api/v1/g/google-places 304 1ms
2024-08-02T11:47:19.165Z [undefined] [32minfo[39m: GET /api/v1/g/google-places 200 791ms
2024-08-02T11:52:50.879Z [undefined] [32minfo[39m: GET /api/v1/g/google-places?input=gwarimpa 200 362ms
2024-08-02T11:53:04.415Z [undefined] [32minfo[39m: GET /api/v1/g/google-places?input=kado 200 199ms
2024-08-02T11:55:29.564Z [undefined] [32minfo[39m: GET /api/v1/g/google-places?input=life%20camp 200 698ms
2024-08-02T11:55:33.766Z [undefined] [32minfo[39m: GET /api/v1/g/google-places?input=kado 200 111ms
2024-08-02T11:56:15.878Z [undefined] [32minfo[39m: GET /api/v1/g/google-places?input=koka%20junction%20mall 200 280ms
2024-08-02T12:02:14.191Z [undefined] [32minfo[39m: GET /api/v1/g/google-places?input=asa 200 322ms
2024-08-02T12:09:13.461Z [undefined] [32minfo[39m: GET /api/v1/g/google-places?input=asaba 200 245ms
2024-08-02T12:09:20.890Z [undefined] [32minfo[39m: GET /api/v1/g/google-places?input=koka+junction 200 181ms
2024-08-02T12:09:59.291Z [undefined] [32minfo[39m: GET /api/v1/g/google-places?input=life+camp 200 184ms
2024-08-02T12:15:28.546Z [undefined] [32minfo[39m: GET /api/v1/g/google-places?input=lefe 200 266ms
2024-08-02T12:15:30.448Z [undefined] [32minfo[39m: GET /api/v1/g/google-places?input=leife 200 193ms
2024-08-02T12:15:52.306Z [undefined] [32minfo[39m: GET /api/v1/g/google-places?input=life+camp 200 175ms
2024-08-02T12:17:25.586Z [undefined] [32minfo[39m: GET /api/v1/g/google-places?input=life 200 190ms
2024-08-02T13:12:57.613Z [undefined] [32minfo[39m: GET /api/v1/g/google-places?input=life+camp 200 244ms
2024-08-02T13:37:11.494Z [undefined] [32minfo[39m: GET /api/v1/g/google-places?input=here 200 248ms
2024-08-02T13:38:43.181Z [undefined] [32minfo[39m: GET /api/v1/g/google-places?input=life+ 200 210ms
2024-08-02T13:38:44.214Z [undefined] [32minfo[39m: GET /api/v1/g/google-places?input=life+camp 200 191ms
2024-08-02T13:40:18.509Z [undefined] [32minfo[39m: GET /api/v1/g/google-places?input=life+cam 200 158ms
2024-08-02T14:05:52.444Z [undefined] [32minfo[39m: POST /api/v1/auth/admin-login 400 4ms
2024-08-02T18:15:37.433Z [undefined] [32minfo[39m: GET /api/v1/g/google-places?input=life 200 291ms
2024-08-02T18:15:37.956Z [undefined] [32minfo[39m: GET /api/v1/g/google-places?input=life+ 200 186ms
2024-08-02T18:19:51.423Z [undefined] [32minfo[39m: GET /api/v1/g/google-places?input=liefe+camop 200 259ms
2024-08-02T18:19:52.975Z [undefined] [32minfo[39m: GET /api/v1/g/google-places?input=liefe 200 211ms
2024-08-02T18:19:59.636Z [undefined] [32minfo[39m: GET /api/v1/g/google-places?input=liefe+cam 200 183ms
2024-08-02T18:20:05.365Z [undefined] [32minfo[39m: GET /api/v1/g/google-places?input=life+camp 200 184ms
2024-08-02T18:20:24.931Z [undefined] [32minfo[39m: GET /api/v1/g/google-places?input=life+camp 200 158ms
2024-08-02T18:20:47.720Z [undefined] [32minfo[39m: GET /api/v1/g/google-places?input=life+camp 200 182ms
2024-08-02T18:25:36.760Z [undefined] [32minfo[39m: GET /api/v1/g/google-places?input=life+camp 200 223ms
2024-08-02T18:25:48.943Z [undefined] [32minfo[39m: GET /api/v1/g/google-places?input=koka+junction 200 167ms
2024-08-21T07:04:55.464Z [undefined] [32minfo[39m: GET /api/v1/auth/admin-ping 401 5ms
2024-08-21T07:04:55.480Z [undefined] [32minfo[39m: GET /api/v1/auth/admin-ping 401 0ms
2024-08-21T07:04:56.175Z [undefined] [32minfo[39m: GET /api/v1/auth/admin-ping 401 1ms
2024-08-21T07:05:00.117Z [undefined] [32minfo[39m: POST /api/v1/auth/admin-login 200 137ms
2024-08-30T07:24:56.290Z [undefined] [32minfo[39m: GET /api/v1/auth/admin-ping 401 4ms
2024-08-30T07:24:56.302Z [undefined] [32minfo[39m: GET /api/v1/auth/admin-ping 401 1ms
2024-08-30T07:25:09.688Z [undefined] [32minfo[39m: GET /api/v1/auth/admin-ping 401 1ms
2024-08-30T07:38:02.234Z [undefined] [32minfo[39m: GET /api/v1/auth/admin-ping 401 14ms
2024-08-30T07:38:05.273Z [undefined] [32minfo[39m: GET /api/v1/auth/admin-ping 401 2ms
2024-08-30T07:38:33.056Z [undefined] [32minfo[39m: GET /api/v1/auth/admin-ping 401 2ms
2024-08-30T07:39:02.216Z [undefined] [32minfo[39m: GET /api/v1/auth/admin-ping 401 3ms
2024-08-30T07:40:13.462Z [undefined] [32minfo[39m: GET /api/v1/auth/admin-ping 401 3ms
2024-08-30T07:46:15.969Z [undefined] [32minfo[39m: GET /api/v1/auth/admin-ping 401 7ms
2024-08-30T07:48:04.738Z [undefined] [32minfo[39m: GET /api/v1/auth/admin-ping 401 4ms
2024-08-30T07:48:56.813Z [undefined] [32minfo[39m: GET /api/v1/auth/admin-ping 401 2ms
2024-08-30T07:49:11.771Z [undefined] [32minfo[39m: GET /api/v1/auth/admin-ping 401 2ms
2024-08-30T07:49:52.185Z [undefined] [32minfo[39m: GET /api/v1/auth/admin-ping 401 3ms
2024-08-30T07:53:21.833Z [undefined] [32minfo[39m: GET /api/v1/auth/admin-ping 401 2ms
2024-08-30T07:56:18.683Z [undefined] [32minfo[39m: GET /api/v1/g/google-places?input=life 200 189ms
2024-08-30T07:56:21.209Z [undefined] [32minfo[39m: GET /api/v1/g/google-places?input=life+camp 200 100ms
2024-08-30T07:56:49.891Z [undefined] [32minfo[39m: GET /api/v1/g/google-places?input=katam 200 87ms
2024-08-30T07:59:15.079Z [undefined] [32minfo[39m: GET /api/v1/auth/admin-ping 401 7ms
2024-08-30T07:59:18.493Z [undefined] [32minfo[39m: GET /api/v1/auth/admin-ping 401 4ms
2024-08-30T08:02:41.784Z [undefined] [32minfo[39m: GET /api/v1/auth/admin-ping 401 2ms
2024-08-30T08:07:48.069Z [undefined] [32minfo[39m: GET /api/v1/auth/admin-ping 401 3ms
2024-08-30T08:07:50.942Z [undefined] [32minfo[39m: GET /api/v1/auth/admin-ping 401 2ms
2024-08-30T08:14:03.294Z [undefined] [32minfo[39m: GET /api/v1/auth/admin-ping 401 2ms
2024-08-30T08:14:09.231Z [undefined] [32minfo[39m: GET /api/v1/auth/admin-ping 401 2ms
2024-08-30T08:14:40.698Z [undefined] [32minfo[39m: GET /api/v1/auth/admin-ping 401 3ms
2024-08-30T10:02:54.000Z [undefined] [32minfo[39m: GET /api/v1/auth/admin-ping 401 32ms
2024-08-30T10:03:27.421Z [undefined] [32minfo[39m: GET /api/v1/auth/admin-ping 401 3ms
2024-08-30T10:03:34.770Z [undefined] [32minfo[39m: GET /api/v1/auth/admin-ping 401 1ms
2024-08-30T10:03:38.006Z [undefined] [32minfo[39m: GET /api/v1/auth/admin-ping 401 1ms
2024-08-30T10:03:56.316Z [undefined] [32minfo[39m: GET /api/v1/auth/admin-ping 401 1ms
2024-08-30T10:12:26.900Z [undefined] [32minfo[39m: GET /api/v1/auth/admin-ping 401 3ms
2024-08-30T10:13:02.237Z [undefined] [32minfo[39m: GET /api/v1/auth/admin-ping 401 2ms
2024-08-30T10:13:04.701Z [undefined] [32minfo[39m: GET /api/v1/auth/admin-ping 401 1ms
2024-08-30T10:13:07.368Z [undefined] [32minfo[39m: GET /api/v1/g/google-places?input=LIFE 200 172ms
2024-08-30T10:13:09.432Z [undefined] [32minfo[39m: GET /api/v1/g/google-places?input=LIFE+CAMP 200 85ms
2024-08-30T10:20:40.707Z [undefined] [32minfo[39m: GET /api/v1/auth/admin-ping 401 5ms
2024-08-30T10:21:55.231Z [undefined] [32minfo[39m: GET /api/v1/auth/admin-ping 401 4ms
2024-08-30T10:23:47.396Z [undefined] [32minfo[39m: GET /api/v1/g/google-places?input=life 200 152ms
2024-08-30T10:23:53.100Z [undefined] [32minfo[39m: GET /api/v1/auth/admin-ping 401 2ms
2024-08-30T10:23:57.797Z [undefined] [32minfo[39m: GET /api/v1/g/google-places?input=life+camp 200 78ms
2024-08-30T10:29:00.326Z [undefined] [32minfo[39m: GET /api/v1/auth/admin-ping 401 3ms
2024-08-30T10:30:07.480Z [undefined] [32minfo[39m: GET /api/v1/auth/admin-ping 401 1ms
2024-08-30T10:32:21.047Z [undefined] [32minfo[39m: GET /api/v1/auth/admin-ping 401 2ms
2024-08-30T10:32:35.714Z [undefined] [32minfo[39m: GET /api/v1/auth/admin-ping 401 1ms
2024-08-30T10:32:40.261Z [undefined] [32minfo[39m: GET /api/v1/g/google-places?input=life 200 134ms
2024-08-30T10:32:52.726Z [undefined] [32minfo[39m: GET /api/v1/g/google-places?input=life+life+ca 200 75ms
2024-08-30T10:32:56.074Z [undefined] [32minfo[39m: GET /api/v1/auth/admin-ping 401 1ms
2024-08-30T10:40:56.576Z [undefined] [32minfo[39m: GET /api/v1/auth/admin-ping 401 2ms
2024-08-30T10:41:03.486Z [undefined] [32minfo[39m: GET /api/v1/auth/admin-ping 401 1ms
2024-08-30T10:41:09.589Z [undefined] [32minfo[39m: GET /api/v1/auth/admin-ping 401 2ms
2024-08-30T10:41:15.994Z [undefined] [32minfo[39m: GET /api/v1/g/google-places?input=life+camp 200 150ms
2024-08-30T10:41:33.718Z [undefined] [32minfo[39m: GET /api/v1/auth/admin-ping 401 3ms
2024-08-30T10:41:43.740Z [undefined] [32minfo[39m: GET /api/v1/auth/admin-ping 401 2ms
2024-08-30T10:42:01.491Z [undefined] [32minfo[39m: GET /api/v1/auth/admin-ping 401 2ms
2024-08-30T10:42:25.930Z [undefined] [32minfo[39m: GET /api/v1/auth/admin-ping 401 2ms
2024-08-30T10:43:13.285Z [undefined] [32minfo[39m: GET /api/v1/auth/admin-ping 401 1ms
2024-08-30T10:44:20.592Z [undefined] [32minfo[39m: GET /api/v1/auth/admin-ping 401 2ms
2024-08-30T10:53:43.149Z [undefined] [32minfo[39m: GET /api/v1/g/google-places?input=life+camp 200 147ms
2024-08-30T10:53:59.691Z [undefined] [32minfo[39m: GET /api/v1/auth/admin-ping 401 2ms
2024-08-30T10:54:21.876Z [undefined] [32minfo[39m: GET /api/v1/auth/admin-ping 401 2ms
2024-08-30T10:55:00.783Z [undefined] [32minfo[39m: GET /api/v1/auth/admin-ping 401 3ms
2024-08-30T10:55:06.778Z [undefined] [32minfo[39m: GET /api/v1/g/google-places?input=lif+e 200 119ms
2024-08-30T10:55:07.605Z [undefined] [32minfo[39m: GET /api/v1/g/google-places?input=life 200 90ms
2024-08-30T10:55:08.875Z [undefined] [32minfo[39m: GET /api/v1/g/google-places?input=life+camp 200 73ms
2024-08-30T10:55:27.959Z [undefined] [32minfo[39m: GET /api/v1/auth/admin-ping 401 2ms
2024-08-30T10:56:10.963Z [undefined] [32minfo[39m: GET /api/v1/auth/admin-ping 401 3ms
2024-08-30T10:56:36.668Z [undefined] [32minfo[39m: GET /api/v1/auth/admin-ping 401 2ms
2024-08-30T10:56:57.537Z [undefined] [32minfo[39m: GET /api/v1/auth/admin-ping 401 1ms
2024-08-30T10:57:02.507Z [undefined] [32minfo[39m: GET /api/v1/g/google-places?input=life 200 75ms
2024-08-30T10:57:04.229Z [undefined] [32minfo[39m: GET /api/v1/g/google-places?input=life+ 200 85ms
2024-08-30T10:57:05.406Z [undefined] [32minfo[39m: GET /api/v1/g/google-places?input=life+camp 200 87ms
2024-08-30T10:57:59.113Z [undefined] [32minfo[39m: GET /api/v1/auth/admin-ping 401 3ms
2024-08-30T10:58:02.054Z [undefined] [32minfo[39m: GET /api/v1/g/google-places?input=lefe+ 200 95ms
2024-08-30T10:58:03.724Z [undefined] [32minfo[39m: GET /api/v1/g/google-places?input=lefe+cam 200 98ms
2024-08-30T10:58:08.655Z [undefined] [32minfo[39m: GET /api/v1/auth/admin-ping 401 1ms
2024-08-30T11:06:06.595Z [undefined] [32minfo[39m: GET /api/v1/auth/admin-ping 401 3ms
2024-08-30T11:07:16.614Z [undefined] [32minfo[39m: GET /api/v1/auth/admin-ping 401 5ms
2024-08-30T11:07:23.637Z [undefined] [32minfo[39m: GET /api/v1/g/google-places?input=life+ca 200 145ms
2024-08-30T11:07:47.127Z [undefined] [32minfo[39m: GET /api/v1/auth/admin-ping 401 1ms
2024-08-30T11:08:13.281Z [undefined] [32minfo[39m: GET /api/v1/auth/admin-ping 401 1ms
2024-08-30T11:08:17.379Z [undefined] [32minfo[39m: GET /api/v1/auth/admin-ping 401 0ms
2024-08-30T11:09:13.313Z [undefined] [32minfo[39m: GET /api/v1/auth/admin-ping 401 1ms
2024-08-30T11:11:14.611Z [undefined] [32minfo[39m: GET /api/v1/auth/admin-ping 401 3ms
2024-08-30T11:11:37.395Z [undefined] [32minfo[39m: GET /api/v1/auth/admin-ping 401 2ms
2024-08-30T11:11:46.688Z [undefined] [32minfo[39m: GET /api/v1/g/google-places?input=life+camp 200 141ms
2024-08-30T11:11:54.257Z [undefined] [32minfo[39m: GET /api/v1/g/google-places?input=Lifecamp+Road,+Abuja,+Nigeria 200 89ms
2024-08-30T11:11:56.787Z [undefined] [32minfo[39m: GET /api/v1/g/google-places?input=Association+of+foreign+relations+professionals+Nigeria,+Lifecamp+Road,+Abuja,+Nigeria 200 84ms
2024-08-30T11:12:21.793Z [undefined] [32minfo[39m: GET /api/v1/g/google-places?input=life+cmap 200 102ms
2024-08-30T11:13:24.241Z [undefined] [32minfo[39m: GET /api/v1/auth/admin-ping 401 3ms
2024-08-30T11:15:53.158Z [undefined] [32minfo[39m: GET /api/v1/auth/admin-ping 401 3ms
2024-08-30T11:15:56.371Z [undefined] [32minfo[39m: GET /api/v1/g/google-places?input=life+ 200 95ms
2024-08-30T11:16:06.513Z [undefined] [32minfo[39m: GET /api/v1/auth/admin-ping 401 2ms
2024-08-30T11:16:09.790Z [undefined] [32minfo[39m: GET /api/v1/auth/admin-ping 401 3ms
2024-08-30T11:16:47.210Z [undefined] [32minfo[39m: GET /api/v1/auth/admin-ping 401 3ms
2024-08-30T11:16:53.602Z [undefined] [32minfo[39m: GET /api/v1/auth/admin-ping 401 1ms
2024-08-30T11:16:58.195Z [undefined] [32minfo[39m: GET /api/v1/auth/admin-ping 401 1ms
2024-08-30T11:17:10.260Z [undefined] [32minfo[39m: GET /api/v1/auth/admin-ping 401 1ms
2024-08-30T11:17:12.789Z [undefined] [32minfo[39m: GET /api/v1/auth/admin-ping 401 2ms
2024-08-30T11:17:16.526Z [undefined] [32minfo[39m: GET /api/v1/auth/admin-ping 401 1ms
2024-08-30T11:17:26.493Z [undefined] [32minfo[39m: GET /api/v1/auth/admin-ping 401 6ms
2024-08-30T11:17:31.024Z [undefined] [32minfo[39m: GET /api/v1/auth/admin-ping 401 1ms
2024-08-30T11:17:37.657Z [undefined] [32minfo[39m: GET /api/v1/auth/admin-ping 401 2ms
2024-08-30T11:17:43.642Z [undefined] [32minfo[39m: GET /api/v1/auth/admin-ping 401 1ms
2024-08-30T11:18:17.075Z [undefined] [32minfo[39m: GET /api/v1/auth/admin-ping 401 2ms
2024-08-30T11:18:23.474Z [undefined] [32minfo[39m: GET /api/v1/auth/admin-ping 401 1ms
2024-08-30T11:18:31.453Z [undefined] [32minfo[39m: GET /api/v1/auth/admin-ping 401 2ms
2024-08-30T11:18:42.642Z [undefined] [32minfo[39m: GET /api/v1/auth/admin-ping 401 1ms
2024-08-30T11:18:45.929Z [undefined] [32minfo[39m: GET /api/v1/auth/admin-ping 401 2ms
2024-08-30T11:18:52.377Z [undefined] [32minfo[39m: GET /api/v1/auth/admin-ping 401 1ms
2024-08-30T11:19:11.785Z [undefined] [32minfo[39m: GET /api/v1/auth/admin-ping 401 2ms
2024-08-30T11:20:11.726Z [undefined] [32minfo[39m: GET /api/v1/auth/admin-ping 401 2ms
2024-08-30T11:21:03.367Z [undefined] [32minfo[39m: GET /api/v1/auth/admin-ping 401 2ms
2024-08-30T11:31:25.077Z [undefined] [32minfo[39m: GET /api/v1/g/google-places?input=lifecamp 200 158ms
2024-08-30T11:36:20.204Z [undefined] [32minfo[39m: GET /api/v1/auth/admin-ping 401 3ms
2024-08-30T11:54:05.322Z [undefined] [32minfo[39m: GET /api/v1/auth/admin-ping 401 1ms
2024-08-30T11:54:28.661Z [undefined] [32minfo[39m: GET /api/v1/auth/admin-ping 401 3ms
2024-08-30T11:54:32.096Z [undefined] [32minfo[39m: GET /api/v1/auth/admin-ping 401 1ms
2024-08-30T11:54:47.533Z [undefined] [32minfo[39m: GET /api/v1/auth/admin-ping 401 1ms
2024-08-30T11:54:51.229Z [undefined] [32minfo[39m: GET /api/v1/auth/admin-ping 401 1ms
2024-08-30T11:54:53.907Z [undefined] [32minfo[39m: GET /api/v1/auth/admin-ping 401 1ms
2024-08-30T11:54:57.001Z [undefined] [32minfo[39m: GET /api/v1/auth/admin-ping 401 1ms
2024-08-30T11:55:03.818Z [undefined] [32minfo[39m: GET /api/v1/auth/admin-ping 401 2ms
2024-08-30T11:55:28.280Z [undefined] [32minfo[39m: GET /api/v1/auth/admin-ping 401 2ms
2024-08-30T11:55:36.132Z [undefined] [32minfo[39m: GET /api/v1/auth/admin-ping 401 1ms
2024-08-30T11:55:41.208Z [undefined] [32minfo[39m: GET /api/v1/auth/admin-ping 401 2ms
2024-08-30T11:55:45.557Z [undefined] [32minfo[39m: GET /api/v1/auth/admin-ping 401 1ms
2024-08-30T11:55:48.966Z [undefined] [32minfo[39m: GET /api/v1/auth/admin-ping 401 1ms
2024-08-30T11:56:10.773Z [undefined] [32minfo[39m: GET /api/v1/auth/admin-ping 401 1ms
2024-08-30T11:56:31.361Z [undefined] [32minfo[39m: GET /api/v1/auth/admin-ping 401 3ms
2024-08-30T11:56:43.023Z [undefined] [32minfo[39m: GET /api/v1/g/google-places?input=life+camp 200 172ms
2024-08-30T12:15:54.815Z [undefined] [32minfo[39m: GET /api/v1/auth/admin-ping 401 9ms
2024-08-30T12:16:01.650Z [undefined] [32minfo[39m: GET /api/v1/auth/admin-ping 401 2ms
2024-08-30T12:16:35.707Z [undefined] [32minfo[39m: GET /api/v1/auth/admin-ping 401 2ms
2024-08-30T12:16:44.160Z [undefined] [32minfo[39m: GET /api/v1/g/google-places?input=life+camp 200 168ms
2024-08-30T12:17:07.918Z [undefined] [32minfo[39m: GET /api/v1/auth/admin-ping 401 3ms
2024-08-30T12:18:43.756Z [undefined] [32minfo[39m: GET /api/v1/auth/admin-ping 401 4ms
2024-08-30T12:18:55.563Z [undefined] [32minfo[39m: GET /api/v1/auth/admin-ping 401 1ms
2024-08-30T12:19:00.097Z [undefined] [32minfo[39m: GET /api/v1/auth/admin-ping 401 2ms
2024-08-30T12:19:27.119Z [undefined] [32minfo[39m: GET /api/v1/auth/admin-ping 401 4ms
2024-08-30T12:19:33.876Z [undefined] [32minfo[39m: GET /api/v1/auth/admin-ping 401 1ms
2024-08-30T12:19:39.684Z [undefined] [32minfo[39m: GET /api/v1/auth/admin-ping 401 0ms
2024-08-30T12:20:00.933Z [undefined] [32minfo[39m: GET /api/v1/auth/admin-ping 401 2ms
2024-08-30T12:20:22.206Z [undefined] [32minfo[39m: GET /api/v1/auth/admin-ping 401 2ms
2024-08-30T12:25:34.672Z [undefined] [32minfo[39m: GET /api/v1/auth/admin-ping 401 3ms
2024-08-30T13:40:15.266Z [undefined] [32minfo[39m: GET /api/v1/g/google-places?input=life+ca 200 136ms
2024-08-30T14:11:50.753Z [undefined] [32minfo[39m: GET /api/v1/g/google-places?input=Life+Care+International+Hospital,+G-10+Markaz+G+10+Markaz+G-10,+Islamabad,+Pakistan 200 154ms
2024-08-30T14:43:00.225Z [undefined] [32minfo[39m: GET /api/v1/g/google-places?input=life 200 169ms
2024-08-30T14:43:30.490Z [undefined] [32minfo[39m: GET /api/v1/g/google-places?input=Life+Asoke+-+Rama+9,+Thanon+Asok+-+Din+Daeng,+%E0%B9%80%E0%B9%80%E0%B8%82%E0%B8%A7%E0%B8%87+%E0%B8%A1%E0%B8%B1%E0%B8%81%E0%B8%81%E0%B8%B0%E0%B8%AA%E0%B8%B1%E0%B8%99,+Ratchathewi,+Bangkok,+Thailand 200 145ms
2024-08-30T14:43:35.449Z [undefined] [32minfo[39m: GET /api/v1/g/google-places?input=life+camp 200 90ms
2024-08-30T14:43:47.406Z [undefined] [32minfo[39m: GET /api/v1/g/google-places?input=Life+Camp+Roundabout,+Abuja,+Nigeria 200 132ms
2024-08-30T14:55:01.008Z [undefined] [32minfo[39m: GET /api/v1/g/google-places?input=life+ca 200 164ms
2024-08-30T14:55:04.131Z [undefined] [32minfo[39m: GET /api/v1/g/google-places?input=life+camp 200 74ms
2024-08-30T14:55:22.698Z [undefined] [32minfo[39m: GET /api/v1/g/google-places?input=life+camp 200 67ms
2024-08-30T14:55:24.423Z [undefined] [32minfo[39m: GET /api/v1/g/google-places?input=Life+Camp+Roundabout,+Abuja,+Nigeria 200 66ms
2024-08-30T15:03:07.581Z [undefined] [32minfo[39m: GET /api/v1/g/google-places?input=life 200 158ms
2024-08-30T15:03:11.047Z [undefined] [32minfo[39m: GET /api/v1/g/google-places?input=life+camp 200 86ms
2024-08-30T15:03:12.849Z [undefined] [32minfo[39m: GET /api/v1/g/google-places?input=Life+Camp+Roundabout,+Abuja,+Nigeria 304 88ms
2024-08-30T15:03:19.462Z [undefined] [32minfo[39m: GET /api/v1/g/google-places?input=life+cam 200 85ms
2024-08-30T15:03:57.450Z [undefined] [32minfo[39m: GET /api/v1/g/google-places?input=life 200 66ms
2024-08-30T15:03:59.619Z [undefined] [32minfo[39m: GET /api/v1/g/google-places?input=life+camp 200 76ms
2024-08-30T15:04:04.065Z [undefined] [32minfo[39m: GET /api/v1/g/google-places?input=Life+Camp+Roundabout,+Abuja,+Nigeria 200 75ms
2024-08-30T15:16:23.938Z [undefined] [32minfo[39m: GET /api/v1/g/google-places?input=lif 200 176ms
2024-08-30T15:16:26.736Z [undefined] [32minfo[39m: GET /api/v1/g/google-places?input=life 200 86ms
2024-08-30T15:16:29.318Z [undefined] [32minfo[39m: GET /api/v1/g/google-places?input=lifecamp 200 78ms
2024-08-30T15:16:31.606Z [undefined] [32minfo[39m: GET /api/v1/g/google-places?input=Lifecamp+Road,+Abuja,+Nigeria 200 86ms
2024-08-30T15:16:38.640Z [undefined] [32minfo[39m: GET /api/v1/g/google-places?input=life+ 200 99ms
2024-08-30T15:16:42.151Z [undefined] [32minfo[39m: GET /api/v1/g/google-places?input=life 200 78ms
2024-08-30T15:16:47.515Z [undefined] [32minfo[39m: GET /api/v1/g/google-places?input=lifecamp 200 72ms
2024-08-30T15:16:48.975Z [undefined] [32minfo[39m: GET /api/v1/g/google-places?input=Lifecamp+Road,+Abuja,+Nigeria 200 81ms
2024-08-30T15:17:25.218Z [undefined] [32minfo[39m: GET /api/v1/g/google-places?input=life+cam 200 101ms
2024-08-30T15:17:28.091Z [undefined] [32minfo[39m: GET /api/v1/g/google-places?input=Life+Camp+Roundabout,+Abuja,+Nigeria 304 78ms
2024-08-30T15:18:59.763Z [undefined] [32minfo[39m: GET /api/v1/g/google-places?input=life+ 200 64ms
2024-08-30T15:19:01.404Z [undefined] [32minfo[39m: GET /api/v1/g/google-places?input=life+camp 200 96ms
2024-08-30T15:19:02.867Z [undefined] [32minfo[39m: GET /api/v1/g/google-places?input=Life+Camp+Roundabout,+Abuja,+Nigeria 200 57ms
2024-08-30T15:20:49.179Z [undefined] [32minfo[39m: GET /api/v1/g/google-places?input=life 200 57ms
2024-08-30T15:20:53.021Z [undefined] [32minfo[39m: GET /api/v1/g/google-places?input=dawaki 200 90ms
2024-08-30T15:20:55.660Z [undefined] [32minfo[39m: GET /api/v1/g/google-places?input=Dawaki+Modern+Market,+Kubwa,+Nigeria 200 79ms
2024-08-30T15:21:12.919Z [undefined] [32minfo[39m: GET /api/v1/g/google-places?input=daw 200 65ms
2024-08-30T15:21:16.994Z [undefined] [32minfo[39m: GET /api/v1/g/google-places?input=dawaki 200 83ms
2024-08-30T15:21:18.315Z [undefined] [32minfo[39m: GET /api/v1/g/google-places?input=Dawaki,+Abuja,+Nigeria 200 65ms
2024-08-30T16:00:36.404Z [undefined] [32minfo[39m: GET /api/v1/g/google-places?input=Dawaki+Cemetery,+Winners+Way,+Abuja,+Nigeria 200 172ms
2024-08-30T16:03:14.698Z [undefined] [32minfo[39m: GET /api/v1/g/google-places?input=life+ 200 96ms
2024-08-30T16:03:16.452Z [undefined] [32minfo[39m: GET /api/v1/g/google-places?input=life+cam 200 84ms
2024-08-30T16:03:17.813Z [undefined] [32minfo[39m: GET /api/v1/g/google-places?input=Life+Camp+Roundabout,+Abuja,+Nigeria 200 113ms
2024-08-30T16:05:01.851Z [undefined] [32minfo[39m: GET /api/v1/g/google-places?input=life 200 93ms
2024-08-30T16:05:03.550Z [undefined] [32minfo[39m: GET /api/v1/g/google-places?input=Samsung+Experience+Store+Evia+Lifestyle+Center,+Daang+Hari+Road,+Las+Pi%C3%B1as,+Metro+Manila,+Philippines 200 105ms
2024-08-30T16:05:09.668Z [undefined] [32minfo[39m: GET /api/v1/g/google-places?input=life+ 200 65ms
2024-08-30T16:05:10.756Z [undefined] [32minfo[39m: GET /api/v1/g/google-places?input=life+ca 200 90ms
2024-08-30T16:05:12.341Z [undefined] [32minfo[39m: GET /api/v1/g/google-places?input=Life+Camp+Roundabout,+Abuja,+Nigeria 200 61ms
2024-08-30T16:05:17.658Z [undefined] [32minfo[39m: GET /api/v1/g/google-places?input=life+c 200 75ms
2024-08-30T16:05:19.387Z [undefined] [32minfo[39m: GET /api/v1/g/google-places?input=Life+Care+Hospital,+Scheme+No+78+-+II,+Scheme+Number+78,+Part+II,+Vijay+Nagar,+Indore,+Madhya+Pradesh,+India 200 90ms
2024-08-30T16:07:07.467Z [undefined] [32minfo[39m: GET /api/v1/g/google-places?input=life+c 200 80ms
2024-08-30T16:07:09.095Z [undefined] [32minfo[39m: GET /api/v1/g/google-places?input=Life+Camp+Roundabout,+Abuja,+Nigeria 304 48ms
2024-08-30T16:07:18.540Z [undefined] [32minfo[39m: GET /api/v1/g/google-places?input=life 200 55ms
2024-08-30T16:07:21.906Z [undefined] [32minfo[39m: GET /api/v1/g/google-places?input=lif 200 52ms
2024-08-30T16:08:15.826Z [undefined] [32minfo[39m: GET /api/v1/g/google-places?input=life+ 200 54ms
2024-08-30T16:08:16.997Z [undefined] [32minfo[39m: GET /api/v1/g/google-places?input=life+ca 200 61ms
2024-08-30T16:08:18.323Z [undefined] [32minfo[39m: GET /api/v1/g/google-places?input=Life+Camp+Roundabout,+Abuja,+Nigeria 304 53ms
2024-08-30T16:08:40.127Z [undefined] [32minfo[39m: GET /api/v1/g/google-places?input=life+ 200 45ms
2024-08-30T16:08:42.271Z [undefined] [32minfo[39m: GET /api/v1/g/google-places?input=Kaz%C4%B1m+Karabekir+Pa%C5%9Fa,+Life+Park,+Bah%C3%A7ek%C3%B6y+Caddesi,+Sar%C4%B1yer%2F%C4%B0stanbul,+T%C3%BCrkiye 200 273ms
2024-08-30T16:09:02.925Z [undefined] [32minfo[39m: POST /api/v1/auth/email-exists 200 802ms
2024-08-30T16:09:07.773Z [undefined] [32minfo[39m: POST /api/v1/auth/email-login 200 184ms
2024-08-30T16:09:39.364Z [undefined] [32minfo[39m: GET /api/v1/g/google-places?input=life+camp 200 84ms
2024-08-30T16:09:42.259Z [undefined] [32minfo[39m: GET /api/v1/g/google-places?input=Life+Camp+Roundabout,+Abuja,+Nigeria 200 66ms
2024-08-30T16:20:42.057Z [undefined] [32minfo[39m: GET /api/v1/g/google-places?input=life 200 149ms
2024-08-30T16:20:58.386Z [undefined] [32minfo[39m: GET /api/v1/g/google-places?input=life 200 64ms
2024-08-30T16:21:01.054Z [undefined] [32minfo[39m: GET /api/v1/g/google-places?input=lifecamp 200 81ms
2024-08-30T16:21:02.671Z [undefined] [32minfo[39m: GET /api/v1/g/google-places?input=Lifecamp+club+house,+Life+Camp+Road,+Jebba+North,+Nigeria 200 133ms
2024-08-30T16:23:11.582Z [undefined] [32minfo[39m: GET /api/v1/g/google-places?input=life+ 200 105ms
2024-08-30T16:24:09.112Z [undefined] [32minfo[39m: GET /api/v1/g/google-places?input=life 200 75ms
2024-08-30T16:24:52.079Z [undefined] [32minfo[39m: GET /api/v1/g/google-places?input=life+ 200 71ms
2024-08-30T16:25:35.712Z [undefined] [32minfo[39m: GET /api/v1/g/google-places?input=lif 200 70ms
2024-08-30T16:25:38.287Z [undefined] [32minfo[39m: GET /api/v1/g/google-places?input=life 200 69ms
2024-08-30T16:26:48.964Z [undefined] [32minfo[39m: GET /api/v1/g/google-places?input=lifecamp 200 75ms
2024-08-30T16:27:43.579Z [undefined] [32minfo[39m: GET /api/v1/g/google-places?input=life 200 54ms
2024-08-30T16:32:22.362Z [undefined] [32minfo[39m: GET /api/v1/g/google-places?input=life 200 144ms
2024-08-30T16:32:24.008Z [undefined] [32minfo[39m: GET /api/v1/g/google-places?input=Samsung+Experience+Store+Evia+Lifestyle+Center,+Daang+Hari+Road,+Las+Pi%C3%B1as,+Metro+Manila,+Philippines 200 101ms
2024-08-30T16:32:32.227Z [undefined] [32minfo[39m: GET /api/v1/g/google-places?input=life 200 68ms
2024-08-30T16:32:35.078Z [undefined] [32minfo[39m: GET /api/v1/g/google-places?input=life+camp 200 74ms
2024-08-30T16:32:36.788Z [undefined] [32minfo[39m: GET /api/v1/g/google-places?input=Life+Camp+Roundabout,+Abuja,+Nigeria 200 58ms
2024-08-30T16:32:56.641Z [undefined] [32minfo[39m: GET /api/v1/g/google-places?input=life 200 74ms
2024-08-30T16:33:02.914Z [undefined] [32minfo[39m: GET /api/v1/g/google-places?input=Samsung+Experience+Store+Evia+Lifestyle+Center,+Daang+Hari+Road,+Las+Pi%C3%B1as,+Metro+Manila,+Philippines 200 70ms
2024-08-30T16:36:14.112Z [undefined] [32minfo[39m: GET /api/v1/g/google-places?input=life+ 200 75ms
2024-08-30T16:36:15.952Z [undefined] [32minfo[39m: GET /api/v1/g/google-places?input=Life+Republic+Township,+Tathawade,+Marunji,+Maharashtra,+India 200 73ms
2024-08-30T16:37:38.940Z [undefined] [32minfo[39m: GET /api/v1/g/google-places?input=life 200 82ms
2024-08-30T16:37:40.433Z [undefined] [32minfo[39m: GET /api/v1/g/google-places?input=life+ca 200 83ms
2024-08-30T16:37:42.047Z [undefined] [32minfo[39m: GET /api/v1/g/google-places?input=Life+Camp+Roundabout,+Abuja,+Nigeria 304 60ms
2024-08-30T16:41:56.295Z [undefined] [32minfo[39m: GET /api/v1/g/google-places?input=life 200 141ms
2024-08-30T16:41:57.924Z [undefined] [32minfo[39m: GET /api/v1/g/google-places?input=life+cam 200 63ms
2024-08-30T16:42:29.739Z [undefined] [32minfo[39m: GET /api/v1/g/google-places?input=lifecamp 200 101ms
2024-08-30T16:42:53.998Z [undefined] [32minfo[39m: GET /api/v1/g/google-places?input=life 200 54ms
2024-08-30T16:42:55.925Z [undefined] [32minfo[39m: GET /api/v1/g/google-places?input=life+cam 200 52ms
2024-08-30T16:42:57.202Z [undefined] [32minfo[39m: GET /api/v1/g/google-places?input=Life+Camp+Roundabout,+Abuja,+Nigeria 200 59ms
2024-08-30T16:44:32.563Z [undefined] [32minfo[39m: GET /api/v1/g/google-places?input=life+ 200 88ms
2024-08-30T16:44:34.687Z [undefined] [32minfo[39m: GET /api/v1/g/google-places?input=life+camp 200 48ms
2024-08-30T16:44:36.138Z [undefined] [32minfo[39m: GET /api/v1/g/google-places?input=Life+Camp+Roundabout,+Abuja,+Nigeria 304 68ms
2024-08-30T16:45:07.145Z [undefined] [32minfo[39m: GET /api/v1/g/google-places?input=life 200 79ms
2024-08-30T16:45:09.190Z [undefined] [32minfo[39m: GET /api/v1/g/google-places?input=Samsung+Experience+Store+Evia+Lifestyle+Center,+Daang+Hari+Road,+Las+Pi%C3%B1as,+Metro+Manila,+Philippines 200 59ms
2024-08-30T16:45:40.453Z [undefined] [32minfo[39m: GET /api/v1/g/google-places?input=lifecam 200 94ms
2024-08-30T16:45:44.229Z [undefined] [32minfo[39m: GET /api/v1/g/google-places?input=LifeCamp,+McCane+Rd,+Tewksbury,+NJ,+USA 200 124ms
2024-08-30T16:45:51.661Z [undefined] [32minfo[39m: GET /api/v1/g/google-places?input=lifeca 200 73ms
2024-08-30T16:45:53.828Z [undefined] [32minfo[39m: GET /api/v1/g/google-places?input=Lifecamp+Road,+Abuja,+Nigeria 200 94ms
2024-08-30T16:46:03.091Z [undefined] [32minfo[39m: GET /api/v1/g/google-places?input=lifeca 200 70ms
2024-08-30T16:46:07.289Z [undefined] [32minfo[39m: GET /api/v1/g/google-places?input=Lifecamp+Road,+Abuja,+Nigeria 200 46ms
2024-08-30T16:47:01.570Z [undefined] [32minfo[39m: GET /api/v1/g/google-places?input=life 200 57ms
2024-08-30T16:47:03.354Z [undefined] [32minfo[39m: GET /api/v1/g/google-places?input=life+camp 200 50ms
2024-08-30T16:47:04.990Z [undefined] [32minfo[39m: GET /api/v1/g/google-places?input=Life+Camp+Roundabout,+Abuja,+Nigeria 200 73ms
2024-08-30T16:47:47.992Z [undefined] [32minfo[39m: GET /api/v1/g/google-places?input=life 200 66ms
2024-08-30T16:47:49.406Z [undefined] [32minfo[39m: GET /api/v1/g/google-places?input=Samsung+Experience+Store+Evia+Lifestyle+Center,+Daang+Hari+Road,+Las+Pi%C3%B1as,+Metro+Manila,+Philippines 200 70ms
2024-08-30T16:51:14.572Z [undefined] [32minfo[39m: GET /api/v1/g/google-places?input=life 200 80ms
2024-08-30T16:51:17.953Z [undefined] [32minfo[39m: GET /api/v1/g/google-places?input=lifecamp 200 41ms
2024-08-30T16:51:54.677Z [undefined] [32minfo[39m: GET /api/v1/g/google-places?input=life 200 62ms
2024-08-30T16:57:05.999Z [undefined] [32minfo[39m: GET /api/v1/g/google-places?input=life 200 149ms
2024-08-30T16:57:07.530Z [undefined] [32minfo[39m: GET /api/v1/g/google-places?input=life+camp 200 62ms
2024-08-30T16:57:11.747Z [undefined] [32minfo[39m: GET /api/v1/g/google-places?input=Life+Camp+Roundabout,+Abuja,+Nigeria 304 74ms
2024-08-30T16:57:12.420Z [undefined] [32minfo[39m: GET /api/v1/g/google-places?input=Life+Camp+Roundabout,+Abuja,+Niger 200 64ms
2024-08-30T16:57:15.117Z [undefined] [32minfo[39m: GET /api/v1/g/google-places?input=life 200 59ms
2024-08-30T16:57:16.495Z [undefined] [32minfo[39m: GET /api/v1/g/google-places?input=life+ 200 62ms
2024-08-30T16:57:18.194Z [undefined] [32minfo[39m: GET /api/v1/g/google-places?input=dawaka 200 83ms
2024-08-30T16:57:21.305Z [undefined] [32minfo[39m: GET /api/v1/g/google-places?input=dawaka+ 200 89ms
2024-08-30T16:57:25.024Z [undefined] [32minfo[39m: GET /api/v1/g/google-places?input=dawaka+abu 200 89ms
2024-08-30T16:57:27.535Z [undefined] [32minfo[39m: GET /api/v1/g/google-places?input=dawaka+abuja 200 82ms
2024-08-30T16:59:17.009Z [undefined] [32minfo[39m: GET /api/v1/g/google-places?input=Dawaki,+Abuja,+Nigeria 200 72ms
2024-08-30T16:59:17.507Z [undefined] [32minfo[39m: GET /api/v1/g/google-places?input=Dawaki,+Abuja,+Nigeri 200 74ms
2024-08-30T17:02:28.521Z [undefined] [32minfo[39m: GET /api/v1/g/google-places?input=Dawaki+Cemetery,+Winners+Way,+Abuja,+Nigeria 200 95ms
2024-08-30T17:02:31.848Z [undefined] [32minfo[39m: GET /api/v1/g/google-places?input=life+ 200 87ms
2024-08-30T17:02:33.094Z [undefined] [32minfo[39m: GET /api/v1/g/google-places?input=life+cam 200 81ms
2024-08-31T13:27:48.317Z [undefined] [32minfo[39m: GET /api/v1/g/google-places?input=rankine+t 200 168ms
2024-08-31T13:27:49.035Z [undefined] [32minfo[39m: GET /api/v1/g/google-places?input=rankine+s 200 80ms
2024-08-31T13:27:50.441Z [undefined] [32minfo[39m: GET /api/v1/g/google-places?input=rankine+str 200 85ms
2024-08-31T13:31:07.031Z [undefined] [32minfo[39m: GET /api/v1/g/google-places?input=rankine 200 91ms
2024-08-31T13:31:09.468Z [undefined] [32minfo[39m: GET /api/v1/g/google-places?input=rankine+str 200 69ms
2024-08-31T13:40:14.239Z [undefined] [32minfo[39m: GET /api/v1/g/google-places?input=life 200 150ms
2024-08-31T13:40:24.882Z [undefined] [32minfo[39m: GET /api/v1/g/google-places?input=Life+Republic+Township,+Tathawade,+Marunji,+Maharashtra,+India 200 91ms
2024-08-31T13:40:27.631Z [undefined] [32minfo[39m: GET /api/v1/g/google-places?input=life 200 68ms
2024-08-31T13:45:32.094Z [undefined] [32minfo[39m: GET /api/v1/g/google-places?input=life 200 197ms
2024-08-31T13:45:33.816Z [undefined] [32minfo[39m: GET /api/v1/g/google-places?input=lifeca 200 68ms
2024-08-31T13:47:31.189Z [undefined] [32minfo[39m: GET /api/v1/g/google-places?input=life 200 69ms
2024-08-31T13:48:28.748Z [undefined] [32minfo[39m: GET /api/v1/g/google-places?input=life+camp 200 84ms
2024-08-31T13:48:40.185Z [undefined] [32minfo[39m: GET /api/v1/g/google-places?input=Life+camps,+Abuja,+Nigeria 200 99ms
2024-08-31T13:48:41.224Z [undefined] [32minfo[39m: GET /api/v1/g/google-places?input=life 200 80ms
2024-08-31T14:00:02.751Z [undefined] [32minfo[39m: GET /api/v1/g/google-places?input=life+ca 200 168ms
2024-08-31T14:00:03.642Z [undefined] [32minfo[39m: GET /api/v1/g/google-places?input=life+camp 200 73ms
2024-08-31T14:00:12.802Z [undefined] [32minfo[39m: GET /api/v1/g/google-places?input=Life+Camp+Roundabout,+Abuja,+Nigeria 304 86ms
2024-08-31T14:00:13.473Z [undefined] [32minfo[39m: GET /api/v1/g/google-places?input=Life+Camp+Roundabout,+Abuja,+Niger 304 88ms
2024-08-31T17:12:35.475Z [undefined] [32minfo[39m: GET /api/v1/g/google-places?input=life+camp 200 144ms
2024-08-31T17:19:22.947Z [undefined] [32minfo[39m: GET /api/v1/g/google-places?input=ranki 200 144ms
2024-08-31T17:20:24.496Z [undefined] [32minfo[39m: GET /api/v1/g/google-places?input=rankine+str 200 79ms
2024-08-31T17:26:00.565Z [undefined] [32minfo[39m: GET /api/v1/g/google-places?input=rankine 200 189ms
2024-08-31T17:26:04.337Z [undefined] [32minfo[39m: GET /api/v1/g/google-places?input=rankine+s 200 75ms
2024-08-31T17:26:06.079Z [undefined] [32minfo[39m: GET /api/v1/g/google-places?input=rankine+st 200 64ms
2024-08-31T17:26:07.945Z [undefined] [32minfo[39m: GET /api/v1/g/google-place-details?placeId=Eh1SYW5raW5lIFN0cmVldCwgSm9obnN0b25lLCBVSyIuKiwKFAoSCeE0LDScS4hIEWAyGxzXedepEhQKEgn9WIa_s7SJSBGU-ITCPmplTQ 404 2ms
2024-08-31T17:26:45.743Z [undefined] [32minfo[39m: GET /api/v1/g/google-places/details?place_id=EjRSYW5raW5lIFN0cmVldCwgR2FudHMgUGxhemEsIENhcGUgVG93biwgU291dGggQWZyaWNhIi4qLAoUChIJV0URFY7KzR0RiN92q6L3DsQSFAoSCTfv1P2Pys0dEY-MHvsLDMn2 404 1ms
2024-08-31T17:27:29.019Z [undefined] [32minfo[39m: GET /api/v1/g/google-places/details?place_id=ChIJN1t_tDeuEmsRUsoyG83frY4 404 1ms
2024-08-31T17:27:32.169Z [undefined] [32minfo[39m: GET /api/v1/g/google-places/details?place_id=EjRSYW5raW5lIFN0cmVldCwgR2FudHMgUGxhemEsIENhcGUgVG93biwgU291dGggQWZyaWNhIi4qLAoUChIJV0URFY7KzR0RiN92q6L3DsQSFAoSCTfv1P2Pys0dEY-MHvsLDMn2 404 1ms
2024-08-31T17:28:26.759Z [undefined] [32minfo[39m: GET /api/v1/g/place-details?place_id=ChIJN1t_tDeuEmsRUsoyG83frY4 200 232ms
2024-08-31T17:28:43.405Z [undefined] [32minfo[39m: GET /api/v1/g/google-places?input=ranki 200 75ms
2024-08-31T17:28:44.004Z [undefined] [32minfo[39m: GET /api/v1/g/google-places?input=rankin 200 75ms
2024-08-31T17:28:46.388Z [undefined] [32minfo[39m: GET /api/v1/g/google-places?input=lifecam 200 97ms
2024-08-31T17:28:47.129Z [undefined] [32minfo[39m: GET /api/v1/g/google-places?input=lifecamo 200 90ms
2024-08-31T17:28:50.657Z [undefined] [32minfo[39m: GET /api/v1/g/google-place-details?placeId=Eh1MaWZlY2FtcCBSb2FkLCBBYnVqYSwgTmlnZXJpYSIuKiwKFAoSCfubECfddE4QETYmkCoZ8W2mEhQKEgnZL9ZMX3ROEBEroQ6itBe9Uw 404 2ms
2024-08-31T17:29:58.145Z [undefined] [32minfo[39m: GET /api/v1/g/google-places?input=lefe+ca 200 91ms
2024-08-31T17:29:59.982Z [undefined] [32minfo[39m: GET /api/v1/g/google-places?input=life+camp 200 75ms
2024-08-31T17:30:01.555Z [undefined] [32minfo[39m: GET /api/v1/g/place-details?place_id=Eh1MaWZlY2FtcCBSb2FkLCBBYnVqYSwgTmlnZXJpYSIuKiwKFAoSCfubECfddE4QETYmkCoZ8W2mEhQKEgnZL9ZMX3ROEBEroQ6itBe9Uw 200 101ms
2024-09-01T03:01:57.252Z [undefined] [32minfo[39m: GET /api/v1/g/google-places?input=lifecam 200 134ms
2024-09-01T03:01:58.360Z [undefined] [32minfo[39m: GET /api/v1/g/place-details?place_id=Eh1MaWZlY2FtcCBSb2FkLCBBYnVqYSwgTmlnZXJpYSIuKiwKFAoSCfubECfddE4QETYmkCoZ8W2mEhQKEgnZL9ZMX3ROEBEroQ6itBe9Uw 200 123ms
2024-09-01T03:02:31.881Z [undefined] [32minfo[39m: GET /api/v1/g/google-places?input=lifecamp 200 84ms
2024-09-01T03:02:32.791Z [undefined] [32minfo[39m: GET /api/v1/g/place-details?place_id=Eh1MaWZlY2FtcCBSb2FkLCBBYnVqYSwgTmlnZXJpYSIuKiwKFAoSCfubECfddE4QETYmkCoZ8W2mEhQKEgnZL9ZMX3ROEBEroQ6itBe9Uw 200 78ms
2024-09-01T03:03:06.600Z [undefined] [32minfo[39m: GET /api/v1/g/google-places?input=lifecamp 200 59ms
2024-09-01T03:03:07.414Z [undefined] [32minfo[39m: GET /api/v1/g/place-details?place_id=Eh1MaWZlY2FtcCBSb2FkLCBBYnVqYSwgTmlnZXJpYSIuKiwKFAoSCfubECfddE4QETYmkCoZ8W2mEhQKEgnZL9ZMX3ROEBEroQ6itBe9Uw 200 76ms
2024-09-01T03:03:54.428Z [undefined] [32minfo[39m: GET /api/v1/g/google-places?input=lifecamp 200 72ms
2024-09-01T03:03:55.293Z [undefined] [32minfo[39m: GET /api/v1/g/place-details?place_id=Eh1MaWZlY2FtcCBSb2FkLCBBYnVqYSwgTmlnZXJpYSIuKiwKFAoSCfubECfddE4QETYmkCoZ8W2mEhQKEgnZL9ZMX3ROEBEroQ6itBe9Uw 200 68ms
2024-09-01T03:04:14.868Z [undefined] [32minfo[39m: GET /api/v1/g/google-places?input=life 200 67ms
2024-09-01T03:04:15.959Z [undefined] [32minfo[39m: GET /api/v1/g/google-places?input=lifecamp 200 63ms
2024-09-01T03:04:16.668Z [undefined] [32minfo[39m: GET /api/v1/g/place-details?place_id=Eh1MaWZlY2FtcCBSb2FkLCBBYnVqYSwgTmlnZXJpYSIuKiwKFAoSCfubECfddE4QETYmkCoZ8W2mEhQKEgnZL9ZMX3ROEBEroQ6itBe9Uw 200 62ms
2024-09-01T03:10:17.225Z [undefined] [32minfo[39m: GET /api/v1/g/google-places?input=rankin 200 176ms
2024-09-01T03:10:21.260Z [undefined] [32minfo[39m: GET /api/v1/g/google-places?input=rankine+str 200 61ms
2024-09-01T03:10:22.828Z [undefined] [32minfo[39m: GET /api/v1/g/place-details?place_id=Eh1SYW5raW5lIFN0cmVldCwgSm9obnN0b25lLCBVSyIuKiwKFAoSCeE0LDScS4hIEWAyGxzXedepEhQKEgn9WIa_s7SJSBGU-ITCPmplTQ 200 104ms
2024-09-01T03:10:45.252Z [undefined] [32minfo[39m: GET /api/v1/g/google-places?input=rankine 200 67ms
2024-09-01T03:10:48.914Z [undefined] [32minfo[39m: GET /api/v1/g/google-places?input=rankine+s 200 71ms
2024-09-01T03:10:49.899Z [undefined] [32minfo[39m: GET /api/v1/g/place-details?place_id=Eh1SYW5raW5lIFN0cmVldCwgSm9obnN0b25lLCBVSyIuKiwKFAoSCeE0LDScS4hIEWAyGxzXedepEhQKEgn9WIa_s7SJSBGU-ITCPmplTQ 304 52ms
2024-09-01T03:11:00.146Z [undefined] [32minfo[39m: GET /api/v1/g/google-places?input=rankine 200 53ms
2024-09-01T03:11:02.235Z [undefined] [32minfo[39m: GET /api/v1/g/google-places?input=rankine+stre 200 73ms
2024-09-01T03:11:03.736Z [undefined] [32minfo[39m: GET /api/v1/g/place-details?place_id=Eh1SYW5raW5lIFN0cmVldCwgSm9obnN0b25lLCBVSyIuKiwKFAoSCeE0LDScS4hIEWAyGxzXedepEhQKEgn9WIa_s7SJSBGU-ITCPmplTQ 304 54ms
2024-09-01T03:11:45.217Z [undefined] [32minfo[39m: GET /api/v1/g/google-places?input=rankine+str 200 72ms
2024-09-01T03:11:46.586Z [undefined] [32minfo[39m: GET /api/v1/g/place-details?place_id=Eh1SYW5raW5lIFN0cmVldCwgSm9obnN0b25lLCBVSyIuKiwKFAoSCeE0LDScS4hIEWAyGxzXedepEhQKEgn9WIa_s7SJSBGU-ITCPmplTQ 304 66ms
2024-09-01T03:12:11.193Z [undefined] [32minfo[39m: GET /api/v1/g/google-places?input=rankine+s 200 51ms
2024-09-01T03:12:12.531Z [undefined] [32minfo[39m: GET /api/v1/g/place-details?place_id=EhpSYW5raW5lIFN0cmVldCwgRHVuZGVlLCBVSyIuKiwKFAoSCYmD-yvMXIZIEbAqdIk_ZMJhEhQKEgmVifZGFV2GSBE1_WRfp-kaZQ 200 80ms
2024-09-01T03:16:46.824Z [undefined] [32minfo[39m: GET /api/v1/g/google-places?input=rankine+streer 200 137ms
2024-09-01T03:16:47.368Z [undefined] [32minfo[39m: GET /api/v1/g/google-places?input=rankine+street 200 60ms
2024-09-01T03:16:48.136Z [undefined] [32minfo[39m: GET /api/v1/g/place-details?place_id=Eh1SYW5raW5lIFN0cmVldCwgSm9obnN0b25lLCBVSyIuKiwKFAoSCeE0LDScS4hIEWAyGxzXedepEhQKEgn9WIa_s7SJSBGU-ITCPmplTQ 304 76ms
2024-09-01T03:17:20.119Z [undefined] [32minfo[39m: GET /api/v1/g/google-places?input=jos 200 74ms
2024-09-01T03:17:21.219Z [undefined] [32minfo[39m: GET /api/v1/g/google-places?input=jons 200 73ms
2024-09-01T03:17:22.554Z [undefined] [32minfo[39m: GET /api/v1/g/google-places?input=jonstone+ 200 65ms
2024-09-01T03:17:23.666Z [undefined] [32minfo[39m: GET /api/v1/g/google-places?input=jonstone+tra 200 77ms
2024-09-01T03:17:26.757Z [undefined] [32minfo[39m: GET /api/v1/g/google-places?input=jonstone+train 200 74ms
2024-09-01T03:17:28.856Z [undefined] [32minfo[39m: GET /api/v1/g/place-details?place_id=ChIJ_RU3B5lLiEgRzzXkb3ypEGA 200 84ms
2024-09-01T03:18:49.014Z [undefined] [32minfo[39m: GET /api/v1/g/google-places?input=rankin 200 51ms
2024-09-01T03:18:51.659Z [undefined] [32minfo[39m: GET /api/v1/g/google-places?input=rankine+st 200 55ms
2024-09-01T03:18:52.742Z [undefined] [32minfo[39m: GET /api/v1/g/place-details?place_id=Eh1SYW5raW5lIFN0cmVldCwgSm9obnN0b25lLCBVSyIuKiwKFAoSCeE0LDScS4hIEWAyGxzXedepEhQKEgn9WIa_s7SJSBGU-ITCPmplTQ 304 84ms
2024-09-01T03:21:48.664Z [undefined] [32minfo[39m: GET /api/v1/g/google-places?input=rank 200 64ms
2024-09-01T03:21:51.164Z [undefined] [32minfo[39m: GET /api/v1/g/google-places?input=rankine+ 200 72ms
2024-09-01T03:22:39.529Z [undefined] [32minfo[39m: GET /api/v1/g/google-places?input=life 200 74ms
2024-09-01T03:22:40.456Z [undefined] [32minfo[39m: GET /api/v1/g/google-places?input=lifecam 200 61ms
2024-09-01T03:22:41.643Z [undefined] [32minfo[39m: GET /api/v1/g/place-details?place_id=Eh1MaWZlY2FtcCBSb2FkLCBBYnVqYSwgTmlnZXJpYSIuKiwKFAoSCfubECfddE4QETYmkCoZ8W2mEhQKEgnZL9ZMX3ROEBEroQ6itBe9Uw 200 99ms
2024-09-01T03:25:20.792Z [undefined] [32minfo[39m: GET /api/v1/g/google-places?input=ranline+str 200 95ms
2024-09-01T03:25:23.945Z [undefined] [32minfo[39m: GET /api/v1/g/google-places?input=rank 200 65ms
2024-09-01T03:25:27.138Z [undefined] [32minfo[39m: GET /api/v1/g/google-places?input=rankine 200 38ms
2024-09-01T03:25:28.532Z [undefined] [32minfo[39m: GET /api/v1/g/google-places?input=rankine+s 200 46ms
2024-09-01T03:25:29.533Z [undefined] [32minfo[39m: GET /api/v1/g/place-details?place_id=Eh1SYW5raW5lIFN0cmVldCwgSm9obnN0b25lLCBVSyIuKiwKFAoSCeE0LDScS4hIEWAyGxzXedepEhQKEgn9WIa_s7SJSBGU-ITCPmplTQ 304 79ms
2024-09-01T03:34:20.842Z [undefined] [32minfo[39m: GET /api/v1/g/google-places?input=rani 200 193ms
2024-09-01T03:34:21.374Z [undefined] [32minfo[39m: GET /api/v1/g/google-places?input=ran 200 70ms
2024-09-01T03:34:22.669Z [undefined] [32minfo[39m: GET /api/v1/g/google-places?input=rankin 200 66ms
2024-09-01T03:34:23.960Z [undefined] [32minfo[39m: GET /api/v1/g/google-places?input=rankine+str 200 53ms
2024-09-01T03:34:24.787Z [undefined] [32minfo[39m: GET /api/v1/g/google-places?input=rankine+stree 200 76ms
2024-09-01T03:34:25.517Z [undefined] [32minfo[39m: GET /api/v1/g/place-details?place_id=Eh1SYW5raW5lIFN0cmVldCwgSm9obnN0b25lLCBVSyIuKiwKFAoSCeE0LDScS4hIEWAyGxzXedepEhQKEgn9WIa_s7SJSBGU-ITCPmplTQ 304 96ms
2024-09-01T03:48:10.208Z [undefined] [32minfo[39m: GET /api/v1/g/google-places?input=rankin 200 178ms
2024-09-01T03:48:13.030Z [undefined] [32minfo[39m: GET /api/v1/g/google-places?input=rankine+st 200 69ms
2024-09-01T03:48:16.685Z [undefined] [32minfo[39m: GET /api/v1/g/google-places?input=4d+rankine 200 73ms
2024-09-01T03:48:18.996Z [undefined] [32minfo[39m: GET /api/v1/g/place-details?place_id=ChIJk9adLZxLiEgRlozRSsDfOQQ 200 105ms
2024-09-01T03:53:23.826Z [undefined] [32minfo[39m: GET /api/v1/g/google-places?input=rankine+steer 200 201ms
2024-09-01T03:53:24.539Z [undefined] [32minfo[39m: GET /api/v1/g/google-places?input=rankine+stee 200 89ms
2024-09-01T03:53:25.575Z [undefined] [32minfo[39m: GET /api/v1/g/google-places?input=rankine+st 200 49ms
2024-09-01T03:53:26.329Z [undefined] [32minfo[39m: GET /api/v1/g/google-places?input=rankine+str 200 71ms
2024-09-01T03:53:27.216Z [undefined] [32minfo[39m: GET /api/v1/g/place-details?place_id=Eh1SYW5raW5lIFN0cmVldCwgSm9obnN0b25lLCBVSyIuKiwKFAoSCeE0LDScS4hIEWAyGxzXedepEhQKEgn9WIa_s7SJSBGU-ITCPmplTQ 304 94ms
2024-09-01T03:55:15.597Z [undefined] [32minfo[39m: GET /api/v1/g/place-details?place_id=ChIJN1t_tDeuEmsRUsoyG83frY4 200 109ms
2024-09-01T04:06:45.198Z [undefined] [32minfo[39m: GET /api/v1/g/google-places?input=lifecamp 200 140ms
2024-09-01T04:06:46.401Z [undefined] [32minfo[39m: GET /api/v1/g/place-details?place_id=Eh1MaWZlY2FtcCBSb2FkLCBBYnVqYSwgTmlnZXJpYSIuKiwKFAoSCfubECfddE4QETYmkCoZ8W2mEhQKEgnZL9ZMX3ROEBEroQ6itBe9Uw 200 120ms
2024-09-01T04:07:08.064Z [undefined] [32minfo[39m: GET /api/v1/g/google-places?input=Lifecamp+Road,+Abuja,+Nigeria 200 59ms
2024-09-01T04:10:56.504Z [undefined] [32minfo[39m: GET /api/v1/g/google-places?input=ranike 200 74ms
2024-09-01T04:11:01.922Z [undefined] [32minfo[39m: GET /api/v1/g/google-places?input=rankine+stre 200 73ms
2024-09-01T04:11:03.049Z [undefined] [32minfo[39m: GET /api/v1/g/place-details?place_id=Eh1SYW5raW5lIFN0cmVldCwgSm9obnN0b25lLCBVSyIuKiwKFAoSCeE0LDScS4hIEWAyGxzXedepEhQKEgn9WIa_s7SJSBGU-ITCPmplTQ 304 97ms
2024-09-01T04:11:06.561Z [undefined] [32minfo[39m: GET /api/v1/g/google-places?input=Rankine+Street,+Johnstone,+UK 200 74ms
2024-09-01T04:11:12.245Z [undefined] [32minfo[39m: GET /api/v1/g/google-places?input=one+side+res 200 77ms
2024-09-01T04:11:16.275Z [undefined] [32minfo[39m: GET /api/v1/g/google-places?input=one+side+restirant 200 90ms
2024-09-01T04:11:17.998Z [undefined] [32minfo[39m: GET /api/v1/g/google-places?input=one+side+rest 200 70ms
2024-09-01T04:11:19.226Z [undefined] [32minfo[39m: GET /api/v1/g/google-places?input=one+side+resturant 200 73ms
2024-09-01T04:11:22.934Z [undefined] [32minfo[39m: GET /api/v1/g/google-places?input=cocak 200 91ms
2024-09-01T04:11:47.807Z [undefined] [32minfo[39m: GET /api/v1/g/google-places?input=Asaba+mall,+Central+Area 200 93ms
2024-09-01T04:11:49.145Z [undefined] [32minfo[39m: GET /api/v1/g/place-details?place_id=ChIJC25pXRTyQxARRhGHc2M4CcE 200 115ms
2024-09-01T05:50:36.180Z [undefined] [32minfo[39m: GET /api/v1/g/google-places?input=rab 200 143ms
2024-09-01T05:50:36.976Z [undefined] [32minfo[39m: GET /api/v1/g/google-places?input=ran 200 76ms
2024-09-01T05:50:37.942Z [undefined] [32minfo[39m: GET /api/v1/g/google-places?input=rankine 200 80ms
2024-09-01T05:50:41.611Z [undefined] [32minfo[39m: GET /api/v1/g/google-places?input=rankine+st 200 82ms
2024-09-01T05:50:42.699Z [undefined] [32minfo[39m: GET /api/v1/g/place-details?place_id=Eh1SYW5raW5lIFN0cmVldCwgSm9obnN0b25lLCBVSyIuKiwKFAoSCeE0LDScS4hIEWAyGxzXedepEhQKEgn9WIa_s7SJSBGU-ITCPmplTQ 304 116ms
2024-09-01T05:50:45.305Z [undefined] [32minfo[39m: GET /api/v1/g/google-places?input=Rankine+Street,+Johnstone,+UK 200 76ms
2024-09-01T05:50:48.373Z [undefined] [32minfo[39m: GET /api/v1/g/google-places?input=asab 200 85ms
2024-09-01T05:50:50.025Z [undefined] [32minfo[39m: GET /api/v1/g/google-places?input=asabe+mall 200 76ms
2024-09-01T05:50:52.437Z [undefined] [32minfo[39m: GET /api/v1/g/place-details?place_id=EiBEYW4gQXNhYmUgU3RyZWV0LCBHYWxtYSwgTmlnZXJpYSIuKiwKFAoSCd_fg5Bvg7IREZt8hO0ZJQzLEhQKEgnd31X7pYSyERGvee2dogSqGg 200 100ms
2024-09-01T05:50:53.977Z [undefined] [32minfo[39m: GET /api/v1/g/google-places?input=Dan+Asabe+Street,+Galma,+Nigeria 200 84ms
2024-09-01T05:50:56.191Z [undefined] [32minfo[39m: GET /api/v1/g/google-places?input=asaba+mall 200 81ms
2024-09-01T05:50:57.787Z [undefined] [32minfo[39m: GET /api/v1/g/place-details?place_id=ChIJsZnxROjzQxARoKeeKApIZQg 200 126ms
2024-09-01T05:51:15.548Z [undefined] [32minfo[39m: GET /api/v1/g/google-places?input=asaba+mall 200 49ms
2024-09-01T05:51:17.032Z [undefined] [32minfo[39m: GET /api/v1/g/place-details?place_id=ChIJr3rHT6nzQxARIJVBxqNj4VU 200 113ms
2024-09-01T05:51:24.473Z [undefined] [32minfo[39m: GET /api/v1/g/google-places?input=asaba+mall 200 67ms
2024-09-01T05:51:25.507Z [undefined] [32minfo[39m: GET /api/v1/g/place-details?place_id=ChIJr3rHT6nzQxARIJVBxqNj4VU 200 65ms
2024-09-01T06:33:00.387Z [undefined] [32minfo[39m: GET /api/v1/g/google-places?input=life 200 202ms
2024-09-01T06:34:02.563Z [undefined] [32minfo[39m: GET /api/v1/g/google-places?input=lif 200 77ms
2024-09-01T06:34:03.751Z [undefined] [32minfo[39m: GET /api/v1/g/place-details?place_id=ChIJ8eFS6dhyZ0gRFcjB2JKCNYA 200 126ms
2024-09-01T06:34:05.138Z [undefined] [32minfo[39m: GET /api/v1/g/google-places?input=Liffey+Valley+Shopping+Centre,+Fonthill+Road,+Clondalkin,+Dublin+22,+Ireland 200 75ms
2024-09-01T06:34:07.532Z [undefined] [32minfo[39m: GET /api/v1/g/google-places?input=asaba+mall 200 74ms
2024-09-01T06:34:08.799Z [undefined] [32minfo[39m: GET /api/v1/g/place-details?place_id=ChIJsZnxROjzQxARoKeeKApIZQg 200 120ms
2024-09-01T06:35:25.817Z [undefined] [32minfo[39m: GET /api/v1/g/google-places?input=asab 200 83ms
2024-09-01T06:35:27.340Z [undefined] [32minfo[39m: GET /api/v1/g/google-places?input=asaba+ma 200 75ms
2024-09-01T06:35:28.815Z [undefined] [32minfo[39m: GET /api/v1/g/place-details?place_id=ChIJS-8Q1kRjvTMRZ2bURBBaD4w 200 111ms
2024-09-01T06:35:30.484Z [undefined] [32minfo[39m: GET /api/v1/g/google-places?input=ASABA+Manufacturing+Phils.,Inc.,+Calamba,+Laguna,+Philippines 200 67ms
2024-09-01T06:35:31.944Z [undefined] [32minfo[39m: GET /api/v1/g/google-places?input=asa 200 73ms
2024-09-01T06:35:33.524Z [undefined] [32minfo[39m: GET /api/v1/g/google-places?input=asaba+mal 200 74ms
2024-09-01T06:35:34.447Z [undefined] [32minfo[39m: GET /api/v1/g/place-details?place_id=ChIJsZnxROjzQxARoKeeKApIZQg 200 75ms
2024-09-01T06:46:31.205Z [undefined] [32minfo[39m: GET /api/v1/g/google-places?input=life+cmap 200 171ms
2024-09-01T06:46:32.317Z [undefined] [32minfo[39m: GET /api/v1/g/google-places?input=life+ 200 82ms
2024-09-01T06:46:33.223Z [undefined] [32minfo[39m: GET /api/v1/g/google-places?input=life+camp 200 78ms
2024-09-01T06:46:37.296Z [undefined] [32minfo[39m: GET /api/v1/g/place-details?place_id=ChIJv9xFJkd1ThARePTL0Z_UQkc 200 120ms
2024-09-01T06:46:44.762Z [undefined] [32minfo[39m: GET /api/v1/g/google-places?input=Life+camps,+Abuja,+Nigeria 200 93ms
2024-09-01T06:46:45.679Z [undefined] [32minfo[39m: GET /api/v1/g/google-places?input=saba 200 70ms
2024-09-01T06:46:48.907Z [undefined] [32minfo[39m: GET /api/v1/g/google-places?input=asaba+mall 200 64ms
2024-09-01T06:46:52.129Z [undefined] [32minfo[39m: GET /api/v1/g/place-details?place_id=ChIJsZnxROjzQxARoKeeKApIZQg 200 182ms
