2024-12-12T09:08:58.199Z [undefined] [31merror[39m: Error creating order
2024-12-20T09:45:59.592Z [undefined] [31merror[39m: E11000 duplicate key error collection: defacto.users index: email_1 dup key: { email: "barehands642@gmail.com" }
2024-12-21T14:52:29.058Z [undefined] [31merror[39m: Cannot read properties of null (reading 'publicId')
2024-12-21T14:55:18.733Z [undefined] [31merror[39m: PlanExecutor error during aggregation :: caused by :: The argument to $size must be an array, but was of type: missing
2024-12-21T14:55:20.023Z [undefined] [31merror[39m: PlanExecutor error during aggregation :: caused by :: The argument to $size must be an array, but was of type: missing
2024-12-21T15:56:40.045Z [undefined] [31merror[39m: Cannot read properties of null (reading 'publicId')
2024-12-21T17:50:27.793Z [undefined] [31merror[39m: PlanExecutor error during aggregation :: caused by :: The argument to $size must be an array, but was of type: missing
2024-12-21T17:50:29.073Z [undefined] [31merror[39m: PlanExecutor error during aggregation :: caused by :: The argument to $size must be an array, but was of type: missing
2024-12-21T17:50:32.666Z [undefined] [31merror[39m: PlanExecutor error during aggregation :: caused by :: The argument to $size must be an array, but was of type: missing
2024-12-21T17:50:33.952Z [undefined] [31merror[39m: PlanExecutor error during aggregation :: caused by :: The argument to $size must be an array, but was of type: missing
2024-12-21T18:29:00.002Z [undefined] [31merror[39m: Cannot read properties of null (reading 'publicId')
2024-12-22T18:50:22.320Z [undefined] [31merror[39m: PlanExecutor error during aggregation :: caused by :: The argument to $size must be an array, but was of type: missing
2024-12-22T18:50:23.611Z [undefined] [31merror[39m: PlanExecutor error during aggregation :: caused by :: The argument to $size must be an array, but was of type: missing
2024-12-23T04:09:05.124Z [undefined] [31merror[39m: PlanExecutor error during aggregation :: caused by :: The argument to $size must be an array, but was of type: missing
2024-12-23T04:09:06.405Z [undefined] [31merror[39m: PlanExecutor error during aggregation :: caused by :: The argument to $size must be an array, but was of type: missing
2024-12-23T14:00:39.731Z [undefined] [31merror[39m: PlanExecutor error during aggregation :: caused by :: The argument to $size must be an array, but was of type: missing
2024-12-23T14:00:41.015Z [undefined] [31merror[39m: PlanExecutor error during aggregation :: caused by :: The argument to $size must be an array, but was of type: missing
2024-12-23T14:00:48.422Z [undefined] [31merror[39m: PlanExecutor error during aggregation :: caused by :: The argument to $size must be an array, but was of type: missing
2024-12-23T14:00:49.703Z [undefined] [31merror[39m: PlanExecutor error during aggregation :: caused by :: The argument to $size must be an array, but was of type: missing
2024-12-23T14:00:52.642Z [undefined] [31merror[39m: PlanExecutor error during aggregation :: caused by :: The argument to $size must be an array, but was of type: missing
2024-12-23T14:00:53.933Z [undefined] [31merror[39m: PlanExecutor error during aggregation :: caused by :: The argument to $size must be an array, but was of type: missing
2024-12-23T14:00:57.602Z [undefined] [31merror[39m: PlanExecutor error during aggregation :: caused by :: The argument to $size must be an array, but was of type: missing
2024-12-23T14:00:58.896Z [undefined] [31merror[39m: PlanExecutor error during aggregation :: caused by :: The argument to $size must be an array, but was of type: missing
2024-12-23T14:01:47.449Z [undefined] [31merror[39m: PlanExecutor error during aggregation :: caused by :: The argument to $size must be an array, but was of type: missing
2024-12-23T14:01:48.742Z [undefined] [31merror[39m: PlanExecutor error during aggregation :: caused by :: The argument to $size must be an array, but was of type: missing
2024-12-23T14:49:35.543Z [undefined] [31merror[39m: PlanExecutor error during aggregation :: caused by :: The argument to $size must be an array, but was of type: missing
2024-12-23T14:49:36.827Z [undefined] [31merror[39m: PlanExecutor error during aggregation :: caused by :: The argument to $size must be an array, but was of type: missing
2024-12-23T14:52:46.803Z [undefined] [31merror[39m: PlanExecutor error during aggregation :: caused by :: The argument to $size must be an array, but was of type: missing
2024-12-23T14:52:48.085Z [undefined] [31merror[39m: PlanExecutor error during aggregation :: caused by :: The argument to $size must be an array, but was of type: missing
2024-12-23T18:55:16.269Z [undefined] [31merror[39m: PlanExecutor error during aggregation :: caused by :: The argument to $size must be an array, but was of type: missing
2024-12-23T18:55:17.565Z [undefined] [31merror[39m: PlanExecutor error during aggregation :: caused by :: The argument to $size must be an array, but was of type: missing
2024-12-23T18:55:48.992Z [undefined] [31merror[39m: PlanExecutor error during aggregation :: caused by :: The argument to $size must be an array, but was of type: missing
2024-12-23T18:55:50.284Z [undefined] [31merror[39m: PlanExecutor error during aggregation :: caused by :: The argument to $size must be an array, but was of type: missing
2024-12-24T03:50:09.919Z [undefined] [31merror[39m: PlanExecutor error during aggregation :: caused by :: The argument to $size must be an array, but was of type: missing
2024-12-24T03:50:11.208Z [undefined] [31merror[39m: PlanExecutor error during aggregation :: caused by :: The argument to $size must be an array, but was of type: missing
2024-12-24T05:08:17.636Z [undefined] [31merror[39m: Cannot set headers after they are sent to the client
2024-12-24T05:09:16.377Z [undefined] [31merror[39m: Cannot set headers after they are sent to the client
2024-12-24T05:10:05.455Z [undefined] [31merror[39m: Cannot set headers after they are sent to the client
2024-12-24T05:10:22.377Z [undefined] [31merror[39m: Cannot set headers after they are sent to the client
2024-12-24T05:10:40.474Z [undefined] [31merror[39m: Cannot set headers after they are sent to the client
2024-12-24T05:11:25.146Z [undefined] [31merror[39m: PlanExecutor error during aggregation :: caused by :: The argument to $size must be an array, but was of type: missing
2024-12-24T05:11:26.493Z [undefined] [31merror[39m: PlanExecutor error during aggregation :: caused by :: The argument to $size must be an array, but was of type: missing
2024-12-24T05:11:41.973Z [undefined] [31merror[39m: Cannot set headers after they are sent to the client
2024-12-24T05:13:19.461Z [undefined] [31merror[39m: Cannot set headers after they are sent to the client
2024-12-24T05:13:37.201Z [undefined] [31merror[39m: Cannot set headers after they are sent to the client
2024-12-24T05:14:08.631Z [undefined] [31merror[39m: Cannot set headers after they are sent to the client
2024-12-24T05:15:40.296Z [undefined] [31merror[39m: Cannot set headers after they are sent to the client
2024-12-25T05:56:46.948Z [undefined] [31merror[39m: PlanExecutor error during aggregation :: caused by :: The argument to $size must be an array, but was of type: missing
2024-12-25T05:56:48.237Z [undefined] [31merror[39m: PlanExecutor error during aggregation :: caused by :: The argument to $size must be an array, but was of type: missing
2024-12-25T07:10:06.971Z [undefined] [31merror[39m: Cannot set headers after they are sent to the client
2024-12-25T07:11:03.242Z [undefined] [31merror[39m: PlanExecutor error during aggregation :: caused by :: The argument to $size must be an array, but was of type: missing
2024-12-25T07:11:04.522Z [undefined] [31merror[39m: PlanExecutor error during aggregation :: caused by :: The argument to $size must be an array, but was of type: missing
2024-12-25T09:07:44.576Z [undefined] [31merror[39m: PlanExecutor error during aggregation :: caused by :: The argument to $size must be an array, but was of type: missing
2024-12-25T09:07:45.879Z [undefined] [31merror[39m: PlanExecutor error during aggregation :: caused by :: The argument to $size must be an array, but was of type: missing
2024-12-25T09:07:51.095Z [undefined] [31merror[39m: PlanExecutor error during aggregation :: caused by :: The argument to $size must be an array, but was of type: missing
2024-12-25T09:07:52.385Z [undefined] [31merror[39m: PlanExecutor error during aggregation :: caused by :: The argument to $size must be an array, but was of type: missing
2024-12-25T12:52:04.269Z [undefined] [31merror[39m: PlanExecutor error during aggregation :: caused by :: The argument to $size must be an array, but was of type: missing
2024-12-25T12:52:05.551Z [undefined] [31merror[39m: PlanExecutor error during aggregation :: caused by :: The argument to $size must be an array, but was of type: missing
2024-12-25T18:30:03.394Z [undefined] [31merror[39m: PlanExecutor error during aggregation :: caused by :: The argument to $size must be an array, but was of type: missing
2024-12-25T18:30:04.684Z [undefined] [31merror[39m: PlanExecutor error during aggregation :: caused by :: The argument to $size must be an array, but was of type: missing
2024-12-25T18:55:55.418Z [undefined] [31merror[39m: Validation failed: categories.1: Restaurant category must exist and be a restaurant category, categories.0: Restaurant category must exist and be a restaurant category, categories.2: Restaurant category must exist and be a restaurant category
2024-12-25T18:56:19.523Z [undefined] [31merror[39m: Validation failed: categories.0: Restaurant category must exist and be a restaurant category, categories.1: Restaurant category must exist and be a restaurant category, categories.2: Restaurant category must exist and be a restaurant category
2024-12-25T18:56:54.388Z [undefined] [31merror[39m: Validation failed: categories.0: Restaurant category must exist and be a restaurant category, categories.1: Restaurant category must exist and be a restaurant category, categories.2: Restaurant category must exist and be a restaurant category
2024-12-25T19:00:43.320Z [undefined] [31merror[39m: Validation failed: categories.0: Restaurant category must exist and be a restaurant category, categories.2: Restaurant category must exist and be a restaurant category, categories.1: Restaurant category must exist and be a restaurant category
2024-12-25T19:01:02.416Z [undefined] [31merror[39m: Validation failed: categories.0: Restaurant category must exist and be a restaurant category, categories.1: Restaurant category must exist and be a restaurant category, categories.2: Restaurant category must exist and be a restaurant category
2024-12-25T19:01:08.659Z [undefined] [31merror[39m: Validation failed: categories.0: Restaurant category must exist and be a restaurant category, categories.1: Restaurant category must exist and be a restaurant category, categories.2: Restaurant category must exist and be a restaurant category
2024-12-25T19:03:56.119Z [undefined] [31merror[39m: Validation failed: categories.0: Restaurant category must exist and be a restaurant category, categories.1: Restaurant category must exist and be a restaurant category, categories.2: Restaurant category must exist and be a restaurant category
2024-12-25T19:21:56.485Z [undefined] [31merror[39m: Cannot set headers after they are sent to the client
2024-12-25T19:49:02.536Z [undefined] [31merror[39m: Validation failed: categories.0: Restaurant category must exist and be a restaurant category
2024-12-25T20:20:54.084Z [undefined] [31merror[39m: Cannot read properties of null (reading 'publicId')
2024-12-25T21:50:58.408Z [undefined] [31merror[39m: PlanExecutor error during aggregation :: caused by :: The argument to $size must be an array, but was of type: missing
2024-12-25T21:50:59.715Z [undefined] [31merror[39m: PlanExecutor error during aggregation :: caused by :: The argument to $size must be an array, but was of type: missing
2024-12-26T00:08:59.027Z [undefined] [31merror[39m: slugify is not defined
2024-12-26T14:34:33.147Z [undefined] [31merror[39m: Cannot read properties of null (reading 'publicId')
2024-12-27T00:23:41.693Z [undefined] [31merror[39m: PlanExecutor error during aggregation :: caused by :: The argument to $size must be an array, but was of type: missing
2024-12-27T00:23:42.979Z [undefined] [31merror[39m: PlanExecutor error during aggregation :: caused by :: The argument to $size must be an array, but was of type: missing
2024-12-27T00:24:03.562Z [undefined] [31merror[39m: PlanExecutor error during aggregation :: caused by :: The argument to $size must be an array, but was of type: missing
2024-12-27T00:24:04.844Z [undefined] [31merror[39m: PlanExecutor error during aggregation :: caused by :: The argument to $size must be an array, but was of type: missing
2024-12-27T00:24:42.120Z [undefined] [31merror[39m: PlanExecutor error during aggregation :: caused by :: The argument to $size must be an array, but was of type: missing
2024-12-27T00:24:43.425Z [undefined] [31merror[39m: PlanExecutor error during aggregation :: caused by :: The argument to $size must be an array, but was of type: missing
2024-12-27T00:25:58.922Z [undefined] [31merror[39m: PlanExecutor error during aggregation :: caused by :: The argument to $size must be an array, but was of type: missing
2024-12-27T00:26:00.202Z [undefined] [31merror[39m: PlanExecutor error during aggregation :: caused by :: The argument to $size must be an array, but was of type: missing
2024-12-27T01:44:22.004Z [undefined] [31merror[39m: Cannot read properties of null (reading 'publicId')
2024-12-27T01:54:27.596Z [undefined] [31merror[39m: Cannot read properties of null (reading 'publicId')
2024-12-27T02:04:47.028Z [undefined] [31merror[39m: Cannot read properties of null (reading 'publicId')
2024-12-27T02:05:40.742Z [undefined] [31merror[39m: Cannot read properties of null (reading 'publicId')
